<?xml version="1.0" encoding="UTF-8"?>
<robot generator="Robot 3.0.3 (Python 3.7.0 on win32)" generated="20181118 11:12:43.654">
<suite id="s1" name="Projects" source="C:\REDX64\projects">
<suite id="s1-s1" name="9.0.0.0" source="C:\REDX64\projects\9.0.0.0">
<suite id="s1-s1-s1" name="remoteLibTest" source="C:\REDX64\projects\9.0.0.0\remoteLibTest.txt">
<test id="s1-s1-s1-t1" name="remoteLibExampleCase">
<kw name="Open Application" library="AppiumLibrary">
<doc>Opens a new application to given Appium server.</doc>
<arguments>
<arg>remote_url=http://127.0.0.1:4723/wd/hub</arg>
<arg>platformName=Android</arg>
<arg>deviceName=ZY223P67ZR</arg>
<arg>appPackage=com.bdvtt.www</arg>
<arg>appActivity=.ui.activity.SplashActivity</arg>
<arg>noReset=True</arg>
<arg>unicodeKeyboard=True</arg>
<arg>resetKeyboard=False</arg>
</arguments>
<status status="PASS" starttime="20181118 11:12:44.956" endtime="20181118 11:13:47.414"></status>
</kw>
<kw name="Get Capability" library="AppiumLibrary">
<doc>Return the desired capability value by desired capability name</doc>
<arguments>
<arg>capability_name=noReset</arg>
</arguments>
<assign>
<var>${noRest}</var>
</assign>
<msg timestamp="20181118 11:13:47.424" level="INFO">${noRest} = True</msg>
<status status="PASS" starttime="20181118 11:13:47.414" endtime="20181118 11:13:47.424"></status>
</kw>
<kw name="Log" library="BuiltIn">
<doc>Logs the given message with the given level.</doc>
<arguments>
<arg>${noRest}</arg>
</arguments>
<msg timestamp="20181118 11:13:47.424" level="INFO">True</msg>
<status status="PASS" starttime="20181118 11:13:47.424" endtime="20181118 11:13:47.424"></status>
</kw>
<kw name="Sleep" library="BuiltIn">
<doc>Pauses the test executed for the given time.</doc>
<arguments>
<arg>6s</arg>
</arguments>
<msg timestamp="20181118 11:13:53.442" level="INFO">Slept 6 seconds</msg>
<status status="PASS" starttime="20181118 11:13:47.434" endtime="20181118 11:13:53.442"></status>
</kw>
<kw name="Wait Until Element Is Visible" library="AppiumLibrary">
<doc>Waits until element specified with `locator` is visible.</doc>
<arguments>
<arg>locator=com.bdvtt.www:id/iv3</arg>
</arguments>
<status status="PASS" starttime="20181118 11:13:53.442" endtime="20181118 11:13:56.982"></status>
</kw>
<kw name="Click Element" library="AppiumLibrary">
<doc>Click element identified by `locator`.</doc>
<arguments>
<arg>locator=com.bdvtt.www:id/iv3</arg>
</arguments>
<msg timestamp="20181118 11:13:56.982" level="INFO">Clicking element 'com.bdvtt.www:id/iv3'.</msg>
<status status="PASS" starttime="20181118 11:13:56.982" endtime="20181118 11:13:59.042"></status>
</kw>
<kw name="Click Element" library="AppiumLibrary">
<doc>Click element identified by `locator`.</doc>
<arguments>
<arg>locator=com.bdvtt.www:id/img_duanzishou</arg>
</arguments>
<msg timestamp="20181118 11:13:59.042" level="INFO">Clicking element 'com.bdvtt.www:id/img_duanzishou'.</msg>
<status status="PASS" starttime="20181118 11:13:59.042" endtime="20181118 11:14:03.908"></status>
</kw>
<kw name="Wait Until Element Is Visible" library="AppiumLibrary">
<doc>Waits until element specified with `locator` is visible.</doc>
<arguments>
<arg>locator=com.bdvtt.www:id/tv_duanzi</arg>
</arguments>
<status status="PASS" starttime="20181118 11:14:03.908" endtime="20181118 11:14:07.300"></status>
</kw>
<kw name="Click Element" library="AppiumLibrary">
<doc>Click element identified by `locator`.</doc>
<arguments>
<arg>locator=com.bdvtt.www:id/tv_duanzi</arg>
</arguments>
<msg timestamp="20181118 11:14:07.300" level="INFO">Clicking element 'com.bdvtt.www:id/tv_duanzi'.</msg>
<status status="PASS" starttime="20181118 11:14:07.300" endtime="20181118 11:14:09.200"></status>
</kw>
<kw name="${index} IN RANGE [ 1 | 102 ]" type="for">
<kw name="${index} = 1" type="foritem">
<kw name="从数据库获取一个笑话并更新改笑话状态为已使用">
<assign>
<var>${aJoke}</var>
</assign>
<kw name="Log" library="BuiltIn">
<doc>Logs the given message with the given level.</doc>
<arguments>
<arg>aaa</arg>
</arguments>
<msg timestamp="20181118 11:14:09.200" level="INFO">aaa</msg>
<status status="PASS" starttime="20181118 11:14:09.200" endtime="20181118 11:14:09.200"></status>
</kw>
<kw name="Connect To Database Using Custom Params" library="DatabaseLibrary">
<doc>Loads the DB API 2.0 module given `dbapiModuleName` then uses it to</doc>
<arguments>
<arg>pymysql</arg>
<arg>database='adminserver', user='admin', password='Huawei123', host='192.168.1.112', port=3306</arg>
</arguments>
<msg timestamp="20181118 11:14:09.260" level="INFO">Executing : Connect To Database Using Custom Params : pymysql.connect(db_api_2.connect(database='adminserver', user='admin', password='Huawei123', host='192.168.1.112', port=3306)) </msg>
<status status="PASS" starttime="20181118 11:14:09.200" endtime="20181118 11:14:09.470"></status>
</kw>
<kw name="Query" library="DatabaseLibrary">
<doc>Uses the input `selectStatement` to query for the values that will be returned as a list of tuples. Set optional</doc>
<arguments>
<arg>selectStatement=select id,content from lengxiaohua where status=0 limit 1;</arg>
</arguments>
<assign>
<var>@{queryResults}</var>
</assign>
<msg timestamp="20181118 11:14:09.480" level="INFO">Executing : Query  |  select id,content from lengxiaohua where status=0 limit 1; </msg>
<msg timestamp="20181118 11:14:09.480" level="INFO">@{queryResults} = [ (1695, '一个醉汉在大街上发酒疯，手里拿着一 叠钞票，大概三四千块，叫嚷着谁陪我 回去睡一晚这钱就是谁的，，话音刚落，只见旁边一 大妈跑过来拉着醉汉就走，醉汉果然把 钱塞进大妈的兜里。正当人们惊叹时， 大妈对醉汉吼到:我怎么就生了你这个 废物。。') ]</msg>
<status status="PASS" starttime="20181118 11:14:09.470" endtime="20181118 11:14:09.480"></status>
</kw>
<kw name="Set Variable" library="BuiltIn">
<doc>Returns the given values which can then be assigned to a variables.</doc>
<arguments>
<arg>@{queryResults}[0]</arg>
</arguments>
<assign>
<var>@{results}</var>
</assign>
<msg timestamp="20181118 11:14:09.480" level="INFO">@{results} = [ 1695 | 一个醉汉在大街上发酒疯，手里拿着一 叠钞票，大概三四千块，叫嚷着谁陪我 回去睡一晚这钱就是谁的，，话音刚落，只见旁边一 大妈跑过来拉着醉汉就走，醉汉果然把 钱塞进大妈的兜里。正当人们惊叹时， 大妈对醉汉吼到:我怎么就生了你这个 废物。。 ]</msg>
<status status="PASS" starttime="20181118 11:14:09.480" endtime="20181118 11:14:09.480"></status>
</kw>
<kw name="Execute Sql String" library="DatabaseLibrary">
<doc>Executes the sqlString as SQL commands. Useful to pass arguments to your sql. Set optional input `sansTran` to</doc>
<arguments>
<arg>sqlString=update lengxiaohua set status=1 where id=@{results}[0];</arg>
</arguments>
<msg timestamp="20181118 11:14:09.480" level="INFO">Executing : Execute SQL String  |  update lengxiaohua set status=1 where id=1695; </msg>
<status status="PASS" starttime="20181118 11:14:09.480" endtime="20181118 11:14:09.800"></status>
</kw>
<kw name="Log Many" library="BuiltIn">
<doc>Logs the given messages as separate entries using the INFO level.</doc>
<arguments>
<arg>@{results}[0]</arg>
<arg>@{results}[1]</arg>
</arguments>
<msg timestamp="20181118 11:14:09.800" level="INFO">1695</msg>
<msg timestamp="20181118 11:14:09.800" level="INFO">一个醉汉在大街上发酒疯，手里拿着一 叠钞票，大概三四千块，叫嚷着谁陪我 回去睡一晚这钱就是谁的，，话音刚落，只见旁边一 大妈跑过来拉着醉汉就走，醉汉果然把 钱塞进大妈的兜里。正当人们惊叹时， 大妈对醉汉吼到:我怎么就生了你这个 废物。。</msg>
<status status="PASS" starttime="20181118 11:14:09.800" endtime="20181118 11:14:09.800"></status>
</kw>
<msg timestamp="20181118 11:14:09.800" level="INFO">${aJoke} = 一个醉汉在大街上发酒疯，手里拿着一 叠钞票，大概三四千块，叫嚷着谁陪我 回去睡一晚这钱就是谁的，，话音刚落，只见旁边一 大妈跑过来拉着醉汉就走，醉汉果然把 钱塞进大妈的兜里。正当人们惊叹时， 大妈对醉汉吼到:我怎么就生了你这个 废物。。</msg>
<status status="PASS" starttime="20181118 11:14:09.200" endtime="20181118 11:14:09.800"></status>
</kw>
<kw name="Input Text" library="AppiumLibrary">
<doc>Types the given `text` into text field identified by `locator`.</doc>
<arguments>
<arg>locator=com.bdvtt.www:id/add_content</arg>
<arg>text=${aJoke}</arg>
</arguments>
<msg timestamp="20181118 11:14:09.810" level="INFO">Typing text '一个醉汉在大街上发酒疯，手里拿着一 叠钞票，大概三四千块，叫嚷着谁陪我 回去睡一晚这钱就是谁的，，话音刚落，只见旁边一 大妈跑过来拉着醉汉就走，醉汉果然把 钱塞进大妈的兜里。正当人们惊叹时， 大妈对醉汉吼到:我怎么就生了你这个 废物。。' into text field 'com.bdvtt.www:id/add_content'</msg>
<status status="PASS" starttime="20181118 11:14:09.810" endtime="20181118 11:14:22.522"></status>
</kw>
<kw name="Wait Until Element Is Visible" library="AppiumLibrary">
<doc>Waits until element specified with `locator` is visible.</doc>
<arguments>
<arg>locator=com.bdvtt.www:id/btok</arg>
</arguments>
<status status="PASS" starttime="20181118 11:14:22.532" endtime="20181118 11:14:26.294"></status>
</kw>
<kw name="Click Element" library="AppiumLibrary">
<doc>Click element identified by `locator`.</doc>
<arguments>
<arg>locator=com.bdvtt.www:id/btok</arg>
</arguments>
<msg timestamp="20181118 11:14:26.294" level="INFO">Clicking element 'com.bdvtt.www:id/btok'.</msg>
<status status="PASS" starttime="20181118 11:14:26.294" endtime="20181118 11:14:28.414"></status>
</kw>
<status status="PASS" starttime="20181118 11:14:09.200" endtime="20181118 11:14:28.414"></status>
</kw>
<kw name="${index} = 2" type="foritem">
<kw name="从数据库获取一个笑话并更新改笑话状态为已使用">
<assign>
<var>${aJoke}</var>
</assign>
<kw name="Log" library="BuiltIn">
<doc>Logs the given message with the given level.</doc>
<arguments>
<arg>aaa</arg>
</arguments>
<msg timestamp="20181118 11:14:28.424" level="INFO">aaa</msg>
<status status="PASS" starttime="20181118 11:14:28.424" endtime="20181118 11:14:28.424"></status>
</kw>
<kw name="Connect To Database Using Custom Params" library="DatabaseLibrary">
<doc>Loads the DB API 2.0 module given `dbapiModuleName` then uses it to</doc>
<arguments>
<arg>pymysql</arg>
<arg>database='adminserver', user='admin', password='Huawei123', host='192.168.1.112', port=3306</arg>
</arguments>
<msg timestamp="20181118 11:14:28.424" level="INFO">Executing : Connect To Database Using Custom Params : pymysql.connect(db_api_2.connect(database='adminserver', user='admin', password='Huawei123', host='192.168.1.112', port=3306)) </msg>
<status status="PASS" starttime="20181118 11:14:28.424" endtime="20181118 11:14:28.454"></status>
</kw>
<kw name="Query" library="DatabaseLibrary">
<doc>Uses the input `selectStatement` to query for the values that will be returned as a list of tuples. Set optional</doc>
<arguments>
<arg>selectStatement=select id,content from lengxiaohua where status=0 limit 1;</arg>
</arguments>
<assign>
<var>@{queryResults}</var>
</assign>
<msg timestamp="20181118 11:14:28.454" level="INFO">Executing : Query  |  select id,content from lengxiaohua where status=0 limit 1; </msg>
<msg timestamp="20181118 11:14:28.484" level="INFO">@{queryResults} = [ (1696, '话说密集恐惧症的人很辛苦，看到密集的东西就掉一地鸡皮疙瘩，看见自己掉的一地鸡皮疙瘩又掉一地鸡皮疙瘩……') ]</msg>
<status status="PASS" starttime="20181118 11:14:28.454" endtime="20181118 11:14:28.484"></status>
</kw>
<kw name="Set Variable" library="BuiltIn">
<doc>Returns the given values which can then be assigned to a variables.</doc>
<arguments>
<arg>@{queryResults}[0]</arg>
</arguments>
<assign>
<var>@{results}</var>
</assign>
<msg timestamp="20181118 11:14:28.484" level="INFO">@{results} = [ 1696 | 话说密集恐惧症的人很辛苦，看到密集的东西就掉一地鸡皮疙瘩，看见自己掉的一地鸡皮疙瘩又掉一地鸡皮疙瘩…… ]</msg>
<status status="PASS" starttime="20181118 11:14:28.484" endtime="20181118 11:14:28.494"></status>
</kw>
<kw name="Execute Sql String" library="DatabaseLibrary">
<doc>Executes the sqlString as SQL commands. Useful to pass arguments to your sql. Set optional input `sansTran` to</doc>
<arguments>
<arg>sqlString=update lengxiaohua set status=1 where id=@{results}[0];</arg>
</arguments>
<msg timestamp="20181118 11:14:28.494" level="INFO">Executing : Execute SQL String  |  update lengxiaohua set status=1 where id=1696; </msg>
<status status="PASS" starttime="20181118 11:14:28.494" endtime="20181118 11:14:28.504"></status>
</kw>
<kw name="Log Many" library="BuiltIn">
<doc>Logs the given messages as separate entries using the INFO level.</doc>
<arguments>
<arg>@{results}[0]</arg>
<arg>@{results}[1]</arg>
</arguments>
<msg timestamp="20181118 11:14:28.504" level="INFO">1696</msg>
<msg timestamp="20181118 11:14:28.504" level="INFO">话说密集恐惧症的人很辛苦，看到密集的东西就掉一地鸡皮疙瘩，看见自己掉的一地鸡皮疙瘩又掉一地鸡皮疙瘩……</msg>
<status status="PASS" starttime="20181118 11:14:28.504" endtime="20181118 11:14:28.504"></status>
</kw>
<msg timestamp="20181118 11:14:28.504" level="INFO">${aJoke} = 话说密集恐惧症的人很辛苦，看到密集的东西就掉一地鸡皮疙瘩，看见自己掉的一地鸡皮疙瘩又掉一地鸡皮疙瘩……</msg>
<status status="PASS" starttime="20181118 11:14:28.424" endtime="20181118 11:14:28.504"></status>
</kw>
<kw name="Input Text" library="AppiumLibrary">
<doc>Types the given `text` into text field identified by `locator`.</doc>
<arguments>
<arg>locator=com.bdvtt.www:id/add_content</arg>
<arg>text=${aJoke}</arg>
</arguments>
<msg timestamp="20181118 11:14:28.514" level="INFO">Typing text '话说密集恐惧症的人很辛苦，看到密集的东西就掉一地鸡皮疙瘩，看见自己掉的一地鸡皮疙瘩又掉一地鸡皮疙瘩……' into text field 'com.bdvtt.www:id/add_content'</msg>
<status status="PASS" starttime="20181118 11:14:28.504" endtime="20181118 11:14:37.074"></status>
</kw>
<kw name="Wait Until Element Is Visible" library="AppiumLibrary">
<doc>Waits until element specified with `locator` is visible.</doc>
<arguments>
<arg>locator=com.bdvtt.www:id/btok</arg>
</arguments>
<status status="PASS" starttime="20181118 11:14:37.074" endtime="20181118 11:14:40.456"></status>
</kw>
<kw name="Click Element" library="AppiumLibrary">
<doc>Click element identified by `locator`.</doc>
<arguments>
<arg>locator=com.bdvtt.www:id/btok</arg>
</arguments>
<msg timestamp="20181118 11:14:40.466" level="INFO">Clicking element 'com.bdvtt.www:id/btok'.</msg>
<status status="PASS" starttime="20181118 11:14:40.466" endtime="20181118 11:14:43.222"></status>
</kw>
<status status="PASS" starttime="20181118 11:14:28.424" endtime="20181118 11:14:43.222"></status>
</kw>
<kw name="${index} = 3" type="foritem">
<kw name="从数据库获取一个笑话并更新改笑话状态为已使用">
<assign>
<var>${aJoke}</var>
</assign>
<kw name="Log" library="BuiltIn">
<doc>Logs the given message with the given level.</doc>
<arguments>
<arg>aaa</arg>
</arguments>
<msg timestamp="20181118 11:14:43.232" level="INFO">aaa</msg>
<status status="PASS" starttime="20181118 11:14:43.232" endtime="20181118 11:14:43.232"></status>
</kw>
<kw name="Connect To Database Using Custom Params" library="DatabaseLibrary">
<doc>Loads the DB API 2.0 module given `dbapiModuleName` then uses it to</doc>
<arguments>
<arg>pymysql</arg>
<arg>database='adminserver', user='admin', password='Huawei123', host='192.168.1.112', port=3306</arg>
</arguments>
<msg timestamp="20181118 11:14:43.232" level="INFO">Executing : Connect To Database Using Custom Params : pymysql.connect(db_api_2.connect(database='adminserver', user='admin', password='Huawei123', host='192.168.1.112', port=3306)) </msg>
<status status="PASS" starttime="20181118 11:14:43.232" endtime="20181118 11:14:43.262"></status>
</kw>
<kw name="Query" library="DatabaseLibrary">
<doc>Uses the input `selectStatement` to query for the values that will be returned as a list of tuples. Set optional</doc>
<arguments>
<arg>selectStatement=select id,content from lengxiaohua where status=0 limit 1;</arg>
</arguments>
<assign>
<var>@{queryResults}</var>
</assign>
<msg timestamp="20181118 11:14:43.262" level="INFO">Executing : Query  |  select id,content from lengxiaohua where status=0 limit 1; </msg>
<msg timestamp="20181118 11:14:43.292" level="INFO">@{queryResults} = [ (1697, '大家是不是觉得牛郎织女每年只有一天的时间见面感觉他们很可怜。但是，你们要知道，天上一天，地下一年啊。我们就这么赤裸裸的被骗了这么多年。。。(第一次发，求过)') ]</msg>
<status status="PASS" starttime="20181118 11:14:43.262" endtime="20181118 11:14:43.292"></status>
</kw>
<kw name="Set Variable" library="BuiltIn">
<doc>Returns the given values which can then be assigned to a variables.</doc>
<arguments>
<arg>@{queryResults}[0]</arg>
</arguments>
<assign>
<var>@{results}</var>
</assign>
<msg timestamp="20181118 11:14:43.292" level="INFO">@{results} = [ 1697 | 大家是不是觉得牛郎织女每年只有一天的时间见面感觉他们很可怜。但是，你们要知道，天上一天，地下一年啊。我们就这么赤裸裸的被骗了这么多年。。。(第一次发，求过) ]</msg>
<status status="PASS" starttime="20181118 11:14:43.292" endtime="20181118 11:14:43.292"></status>
</kw>
<kw name="Execute Sql String" library="DatabaseLibrary">
<doc>Executes the sqlString as SQL commands. Useful to pass arguments to your sql. Set optional input `sansTran` to</doc>
<arguments>
<arg>sqlString=update lengxiaohua set status=1 where id=@{results}[0];</arg>
</arguments>
<msg timestamp="20181118 11:14:43.292" level="INFO">Executing : Execute SQL String  |  update lengxiaohua set status=1 where id=1697; </msg>
<status status="PASS" starttime="20181118 11:14:43.292" endtime="20181118 11:14:43.592"></status>
</kw>
<kw name="Log Many" library="BuiltIn">
<doc>Logs the given messages as separate entries using the INFO level.</doc>
<arguments>
<arg>@{results}[0]</arg>
<arg>@{results}[1]</arg>
</arguments>
<msg timestamp="20181118 11:14:43.602" level="INFO">1697</msg>
<msg timestamp="20181118 11:14:43.602" level="INFO">大家是不是觉得牛郎织女每年只有一天的时间见面感觉他们很可怜。但是，你们要知道，天上一天，地下一年啊。我们就这么赤裸裸的被骗了这么多年。。。(第一次发，求过)</msg>
<status status="PASS" starttime="20181118 11:14:43.602" endtime="20181118 11:14:43.602"></status>
</kw>
<msg timestamp="20181118 11:14:43.602" level="INFO">${aJoke} = 大家是不是觉得牛郎织女每年只有一天的时间见面感觉他们很可怜。但是，你们要知道，天上一天，地下一年啊。我们就这么赤裸裸的被骗了这么多年。。。(第一次发，求过)</msg>
<status status="PASS" starttime="20181118 11:14:43.222" endtime="20181118 11:14:43.602"></status>
</kw>
<kw name="Input Text" library="AppiumLibrary">
<doc>Types the given `text` into text field identified by `locator`.</doc>
<arguments>
<arg>locator=com.bdvtt.www:id/add_content</arg>
<arg>text=${aJoke}</arg>
</arguments>
<msg timestamp="20181118 11:14:43.602" level="INFO">Typing text '大家是不是觉得牛郎织女每年只有一天的时间见面感觉他们很可怜。但是，你们要知道，天上一天，地下一年啊。我们就这么赤裸裸的被骗了这么多年。。。(第一次发，求过)' into text field 'com.bdvtt.www:id/add_content'</msg>
<status status="PASS" starttime="20181118 11:14:43.602" endtime="20181118 11:14:54.251"></status>
</kw>
<kw name="Wait Until Element Is Visible" library="AppiumLibrary">
<doc>Waits until element specified with `locator` is visible.</doc>
<arguments>
<arg>locator=com.bdvtt.www:id/btok</arg>
</arguments>
<status status="PASS" starttime="20181118 11:14:54.251" endtime="20181118 11:14:57.599"></status>
</kw>
<kw name="Click Element" library="AppiumLibrary">
<doc>Click element identified by `locator`.</doc>
<arguments>
<arg>locator=com.bdvtt.www:id/btok</arg>
</arguments>
<msg timestamp="20181118 11:14:57.599" level="INFO">Clicking element 'com.bdvtt.www:id/btok'.</msg>
<status status="PASS" starttime="20181118 11:14:57.599" endtime="20181118 11:14:59.919"></status>
</kw>
<status status="PASS" starttime="20181118 11:14:43.222" endtime="20181118 11:14:59.919"></status>
</kw>
<kw name="${index} = 4" type="foritem">
<kw name="从数据库获取一个笑话并更新改笑话状态为已使用">
<assign>
<var>${aJoke}</var>
</assign>
<kw name="Log" library="BuiltIn">
<doc>Logs the given message with the given level.</doc>
<arguments>
<arg>aaa</arg>
</arguments>
<msg timestamp="20181118 11:14:59.919" level="INFO">aaa</msg>
<status status="PASS" starttime="20181118 11:14:59.919" endtime="20181118 11:14:59.919"></status>
</kw>
<kw name="Connect To Database Using Custom Params" library="DatabaseLibrary">
<doc>Loads the DB API 2.0 module given `dbapiModuleName` then uses it to</doc>
<arguments>
<arg>pymysql</arg>
<arg>database='adminserver', user='admin', password='Huawei123', host='192.168.1.112', port=3306</arg>
</arguments>
<msg timestamp="20181118 11:14:59.929" level="INFO">Executing : Connect To Database Using Custom Params : pymysql.connect(db_api_2.connect(database='adminserver', user='admin', password='Huawei123', host='192.168.1.112', port=3306)) </msg>
<status status="PASS" starttime="20181118 11:14:59.929" endtime="20181118 11:14:59.969"></status>
</kw>
<kw name="Query" library="DatabaseLibrary">
<doc>Uses the input `selectStatement` to query for the values that will be returned as a list of tuples. Set optional</doc>
<arguments>
<arg>selectStatement=select id,content from lengxiaohua where status=0 limit 1;</arg>
</arguments>
<assign>
<var>@{queryResults}</var>
</assign>
<msg timestamp="20181118 11:14:59.969" level="INFO">Executing : Query  |  select id,content from lengxiaohua where status=0 limit 1; </msg>
<msg timestamp="20181118 11:14:59.979" level="INFO">@{queryResults} = [ (1698, '今天早上起来晚了，拿着包子边走边往学校走，路口突然窜出来一只大黑狗，跑到我面前冲我使劲叫，顿时吓的我魂飞魄散，一下扔了手里刚咬一口的包子，嗷一声叫了起来，可能是狗被我叫的吓到了，叼起我的肉包子转头就走了，次奥，以为老娘好欺负吗，于是速度抓起一个石子打了它一下，，，，唉，手欠啊，今天没去上课直接医院打了一针狂犬疫苗。') ]</msg>
<status status="PASS" starttime="20181118 11:14:59.969" endtime="20181118 11:14:59.979"></status>
</kw>
<kw name="Set Variable" library="BuiltIn">
<doc>Returns the given values which can then be assigned to a variables.</doc>
<arguments>
<arg>@{queryResults}[0]</arg>
</arguments>
<assign>
<var>@{results}</var>
</assign>
<msg timestamp="20181118 11:14:59.989" level="INFO">@{results} = [ 1698 | 今天早上起来晚了，拿着包子边走边往学校走，路口突然窜出来一只大黑狗，跑到我面前冲我使劲叫，顿时吓的我魂飞魄散，一下扔了手里刚咬一口的包子，嗷一声叫了起来，可能是狗被我叫的吓到了，叼起我的肉包子转头就走了，次奥，以为老娘好欺负吗，于是速度抓起一个石子打了它一下，，，，唉，手欠啊，今天没去上课直接医院打了一针狂犬疫苗。 ]</msg>
<status status="PASS" starttime="20181118 11:14:59.979" endtime="20181118 11:14:59.989"></status>
</kw>
<kw name="Execute Sql String" library="DatabaseLibrary">
<doc>Executes the sqlString as SQL commands. Useful to pass arguments to your sql. Set optional input `sansTran` to</doc>
<arguments>
<arg>sqlString=update lengxiaohua set status=1 where id=@{results}[0];</arg>
</arguments>
<msg timestamp="20181118 11:14:59.989" level="INFO">Executing : Execute SQL String  |  update lengxiaohua set status=1 where id=1698; </msg>
<status status="PASS" starttime="20181118 11:14:59.989" endtime="20181118 11:15:00.009"></status>
</kw>
<kw name="Log Many" library="BuiltIn">
<doc>Logs the given messages as separate entries using the INFO level.</doc>
<arguments>
<arg>@{results}[0]</arg>
<arg>@{results}[1]</arg>
</arguments>
<msg timestamp="20181118 11:15:00.009" level="INFO">1698</msg>
<msg timestamp="20181118 11:15:00.009" level="INFO">今天早上起来晚了，拿着包子边走边往学校走，路口突然窜出来一只大黑狗，跑到我面前冲我使劲叫，顿时吓的我魂飞魄散，一下扔了手里刚咬一口的包子，嗷一声叫了起来，可能是狗被我叫的吓到了，叼起我的肉包子转头就走了，次奥，以为老娘好欺负吗，于是速度抓起一个石子打了它一下，，，，唉，手欠啊，今天没去上课直接医院打了一针狂犬疫苗。</msg>
<status status="PASS" starttime="20181118 11:15:00.009" endtime="20181118 11:15:00.009"></status>
</kw>
<msg timestamp="20181118 11:15:00.009" level="INFO">${aJoke} = 今天早上起来晚了，拿着包子边走边往学校走，路口突然窜出来一只大黑狗，跑到我面前冲我使劲叫，顿时吓的我魂飞魄散，一下扔了手里刚咬一口的包子，嗷一声叫了起来，可能是狗被我叫的吓到了，叼起我的肉包子转头就走了，次奥，以为老娘好欺负吗，于是速度抓起一个石子打了它一下，，，，唉，手欠啊，今天没去上课直接医院打了一针狂犬疫苗。</msg>
<status status="PASS" starttime="20181118 11:14:59.919" endtime="20181118 11:15:00.009"></status>
</kw>
<kw name="Input Text" library="AppiumLibrary">
<doc>Types the given `text` into text field identified by `locator`.</doc>
<arguments>
<arg>locator=com.bdvtt.www:id/add_content</arg>
<arg>text=${aJoke}</arg>
</arguments>
<msg timestamp="20181118 11:15:00.009" level="INFO">Typing text '今天早上起来晚了，拿着包子边走边往学校走，路口突然窜出来一只大黑狗，跑到我面前冲我使劲叫，顿时吓的我魂飞魄散，一下扔了手里刚咬一口的包子，嗷一声叫了起来，可能是狗被我叫的吓到了，叼起我的肉包子转头就走了，次奥，以为老娘好欺负吗，于是速度抓起一个石子打了它一下，，，，唉，手欠啊，今天没去上课直接医院打了一针狂犬疫苗。' into text field 'com.bdvtt.www:id/add_content'</msg>
<status status="PASS" starttime="20181118 11:15:00.009" endtime="20181118 11:15:12.803"></status>
</kw>
<kw name="Wait Until Element Is Visible" library="AppiumLibrary">
<doc>Waits until element specified with `locator` is visible.</doc>
<arguments>
<arg>locator=com.bdvtt.www:id/btok</arg>
</arguments>
<status status="PASS" starttime="20181118 11:15:12.813" endtime="20181118 11:15:16.140"></status>
</kw>
<kw name="Click Element" library="AppiumLibrary">
<doc>Click element identified by `locator`.</doc>
<arguments>
<arg>locator=com.bdvtt.www:id/btok</arg>
</arguments>
<msg timestamp="20181118 11:15:16.140" level="INFO">Clicking element 'com.bdvtt.www:id/btok'.</msg>
<status status="PASS" starttime="20181118 11:15:16.140" endtime="20181118 11:15:18.892"></status>
</kw>
<status status="PASS" starttime="20181118 11:14:59.919" endtime="20181118 11:15:18.892"></status>
</kw>
<kw name="${index} = 5" type="foritem">
<kw name="从数据库获取一个笑话并更新改笑话状态为已使用">
<assign>
<var>${aJoke}</var>
</assign>
<kw name="Log" library="BuiltIn">
<doc>Logs the given message with the given level.</doc>
<arguments>
<arg>aaa</arg>
</arguments>
<msg timestamp="20181118 11:15:18.902" level="INFO">aaa</msg>
<status status="PASS" starttime="20181118 11:15:18.902" endtime="20181118 11:15:18.902"></status>
</kw>
<kw name="Connect To Database Using Custom Params" library="DatabaseLibrary">
<doc>Loads the DB API 2.0 module given `dbapiModuleName` then uses it to</doc>
<arguments>
<arg>pymysql</arg>
<arg>database='adminserver', user='admin', password='Huawei123', host='192.168.1.112', port=3306</arg>
</arguments>
<msg timestamp="20181118 11:15:18.902" level="INFO">Executing : Connect To Database Using Custom Params : pymysql.connect(db_api_2.connect(database='adminserver', user='admin', password='Huawei123', host='192.168.1.112', port=3306)) </msg>
<status status="PASS" starttime="20181118 11:15:18.902" endtime="20181118 11:15:18.992"></status>
</kw>
<kw name="Query" library="DatabaseLibrary">
<doc>Uses the input `selectStatement` to query for the values that will be returned as a list of tuples. Set optional</doc>
<arguments>
<arg>selectStatement=select id,content from lengxiaohua where status=0 limit 1;</arg>
</arguments>
<assign>
<var>@{queryResults}</var>
</assign>
<msg timestamp="20181118 11:15:18.992" level="INFO">Executing : Query  |  select id,content from lengxiaohua where status=0 limit 1; </msg>
<msg timestamp="20181118 11:15:19.002" level="INFO">@{queryResults} = [ (1699, '刚才在ATM取钱时，前面一妹子好像连续都输错密码，然后卡被吞了...回头看我一眼，问我该怎么办，我说没事，用身份证可以取回！然后看她好像从兜里掏什么，我继续低头玩手机...一分钟后，那妹子回头冲我大喊大叫你个死骗子！我身份证也被吞了！\u3000\u3000为"上墙"而努力。\u3000') ]</msg>
<status status="PASS" starttime="20181118 11:15:18.992" endtime="20181118 11:15:19.002"></status>
</kw>
<kw name="Set Variable" library="BuiltIn">
<doc>Returns the given values which can then be assigned to a variables.</doc>
<arguments>
<arg>@{queryResults}[0]</arg>
</arguments>
<assign>
<var>@{results}</var>
</assign>
<msg timestamp="20181118 11:15:19.002" level="INFO">@{results} = [ 1699 | 刚才在ATM取钱时，前面一妹子好像连续都输错密码，然后卡被吞了...回头看我一眼，问我该怎么办，我说没事，用身份证可以取回！然后看她好像从兜里掏什么，我继续低头玩手机...一分钟后，那妹子回头冲我大喊大叫你个死骗子！我身份证也被吞了！　　为"上墙"而努力。　 ]</msg>
<status status="PASS" starttime="20181118 11:15:19.002" endtime="20181118 11:15:19.002"></status>
</kw>
<kw name="Execute Sql String" library="DatabaseLibrary">
<doc>Executes the sqlString as SQL commands. Useful to pass arguments to your sql. Set optional input `sansTran` to</doc>
<arguments>
<arg>sqlString=update lengxiaohua set status=1 where id=@{results}[0];</arg>
</arguments>
<msg timestamp="20181118 11:15:19.002" level="INFO">Executing : Execute SQL String  |  update lengxiaohua set status=1 where id=1699; </msg>
<status status="PASS" starttime="20181118 11:15:19.002" endtime="20181118 11:15:19.302"></status>
</kw>
<kw name="Log Many" library="BuiltIn">
<doc>Logs the given messages as separate entries using the INFO level.</doc>
<arguments>
<arg>@{results}[0]</arg>
<arg>@{results}[1]</arg>
</arguments>
<msg timestamp="20181118 11:15:19.302" level="INFO">1699</msg>
<msg timestamp="20181118 11:15:19.302" level="INFO">刚才在ATM取钱时，前面一妹子好像连续都输错密码，然后卡被吞了...回头看我一眼，问我该怎么办，我说没事，用身份证可以取回！然后看她好像从兜里掏什么，我继续低头玩手机...一分钟后，那妹子回头冲我大喊大叫你个死骗子！我身份证也被吞了！　　为"上墙"而努力。　</msg>
<status status="PASS" starttime="20181118 11:15:19.302" endtime="20181118 11:15:19.302"></status>
</kw>
<msg timestamp="20181118 11:15:19.302" level="INFO">${aJoke} = 刚才在ATM取钱时，前面一妹子好像连续都输错密码，然后卡被吞了...回头看我一眼，问我该怎么办，我说没事，用身份证可以取回！然后看她好像从兜里掏什么，我继续低头玩手机...一分钟后，那妹子回头冲我大喊大叫你个死骗子！我身份证也被吞了！　　为"上墙"而努力。　</msg>
<status status="PASS" starttime="20181118 11:15:18.892" endtime="20181118 11:15:19.302"></status>
</kw>
<kw name="Input Text" library="AppiumLibrary">
<doc>Types the given `text` into text field identified by `locator`.</doc>
<arguments>
<arg>locator=com.bdvtt.www:id/add_content</arg>
<arg>text=${aJoke}</arg>
</arguments>
<msg timestamp="20181118 11:15:19.302" level="INFO">Typing text '刚才在ATM取钱时，前面一妹子好像连续都输错密码，然后卡被吞了...回头看我一眼，问我该怎么办，我说没事，用身份证可以取回！然后看她好像从兜里掏什么，我继续低头玩手机...一分钟后，那妹子回头冲我大喊大叫你个死骗子！我身份证也被吞了！　　为"上墙"而努力。　' into text field 'com.bdvtt.www:id/add_content'</msg>
<status status="PASS" starttime="20181118 11:15:19.302" endtime="20181118 11:15:32.048"></status>
</kw>
<kw name="Wait Until Element Is Visible" library="AppiumLibrary">
<doc>Waits until element specified with `locator` is visible.</doc>
<arguments>
<arg>locator=com.bdvtt.www:id/btok</arg>
</arguments>
<status status="PASS" starttime="20181118 11:15:32.048" endtime="20181118 11:15:37.343"></status>
</kw>
<kw name="Click Element" library="AppiumLibrary">
<doc>Click element identified by `locator`.</doc>
<arguments>
<arg>locator=com.bdvtt.www:id/btok</arg>
</arguments>
<msg timestamp="20181118 11:15:37.343" level="INFO">Clicking element 'com.bdvtt.www:id/btok'.</msg>
<status status="PASS" starttime="20181118 11:15:37.343" endtime="20181118 11:15:40.533"></status>
</kw>
<status status="PASS" starttime="20181118 11:15:18.892" endtime="20181118 11:15:40.533"></status>
</kw>
<kw name="${index} = 6" type="foritem">
<kw name="从数据库获取一个笑话并更新改笑话状态为已使用">
<assign>
<var>${aJoke}</var>
</assign>
<kw name="Log" library="BuiltIn">
<doc>Logs the given message with the given level.</doc>
<arguments>
<arg>aaa</arg>
</arguments>
<msg timestamp="20181118 11:15:40.543" level="INFO">aaa</msg>
<status status="PASS" starttime="20181118 11:15:40.543" endtime="20181118 11:15:40.543"></status>
</kw>
<kw name="Connect To Database Using Custom Params" library="DatabaseLibrary">
<doc>Loads the DB API 2.0 module given `dbapiModuleName` then uses it to</doc>
<arguments>
<arg>pymysql</arg>
<arg>database='adminserver', user='admin', password='Huawei123', host='192.168.1.112', port=3306</arg>
</arguments>
<msg timestamp="20181118 11:15:40.543" level="INFO">Executing : Connect To Database Using Custom Params : pymysql.connect(db_api_2.connect(database='adminserver', user='admin', password='Huawei123', host='192.168.1.112', port=3306)) </msg>
<status status="PASS" starttime="20181118 11:15:40.543" endtime="20181118 11:15:40.583"></status>
</kw>
<kw name="Query" library="DatabaseLibrary">
<doc>Uses the input `selectStatement` to query for the values that will be returned as a list of tuples. Set optional</doc>
<arguments>
<arg>selectStatement=select id,content from lengxiaohua where status=0 limit 1;</arg>
</arguments>
<assign>
<var>@{queryResults}</var>
</assign>
<msg timestamp="20181118 11:15:40.583" level="INFO">Executing : Query  |  select id,content from lengxiaohua where status=0 limit 1; </msg>
<msg timestamp="20181118 11:15:40.623" level="INFO">@{queryResults} = [ (1700, '/难过 一个武士手里拿一条活鱼问禅师：我跟你打一个赌，你猜我手里这个鱼是活的还是死的？禅师心想：如果说是活的，武士就会把鱼捏死。但明知是活的说是死的，就打了诳语。鱼命和原则哪个更重要？禅师沉思了半个小时，终于说道：是死的。武士看了看手中的鱼，说道：麻痹的，半个小时前还是活的。') ]</msg>
<status status="PASS" starttime="20181118 11:15:40.583" endtime="20181118 11:15:40.623"></status>
</kw>
<kw name="Set Variable" library="BuiltIn">
<doc>Returns the given values which can then be assigned to a variables.</doc>
<arguments>
<arg>@{queryResults}[0]</arg>
</arguments>
<assign>
<var>@{results}</var>
</assign>
<msg timestamp="20181118 11:15:40.623" level="INFO">@{results} = [ 1700 | /难过 一个武士手里拿一条活鱼问禅师：我跟你打一个赌，你猜我手里这个鱼是活的还是死的？禅师心想：如果说是活的，武士就会把鱼捏死。但明知是活的说是死的，就打了诳语。鱼命和原则哪个更重要？禅师沉思了半个小时，终于说道：是死的。武士看了看手中的鱼，说道：麻痹的，半个小时前还是活的。 ]</msg>
<status status="PASS" starttime="20181118 11:15:40.623" endtime="20181118 11:15:40.623"></status>
</kw>
<kw name="Execute Sql String" library="DatabaseLibrary">
<doc>Executes the sqlString as SQL commands. Useful to pass arguments to your sql. Set optional input `sansTran` to</doc>
<arguments>
<arg>sqlString=update lengxiaohua set status=1 where id=@{results}[0];</arg>
</arguments>
<msg timestamp="20181118 11:15:40.623" level="INFO">Executing : Execute SQL String  |  update lengxiaohua set status=1 where id=1700; </msg>
<status status="PASS" starttime="20181118 11:15:40.623" endtime="20181118 11:15:40.923"></status>
</kw>
<kw name="Log Many" library="BuiltIn">
<doc>Logs the given messages as separate entries using the INFO level.</doc>
<arguments>
<arg>@{results}[0]</arg>
<arg>@{results}[1]</arg>
</arguments>
<msg timestamp="20181118 11:15:40.933" level="INFO">1700</msg>
<msg timestamp="20181118 11:15:40.934" level="INFO">/难过 一个武士手里拿一条活鱼问禅师：我跟你打一个赌，你猜我手里这个鱼是活的还是死的？禅师心想：如果说是活的，武士就会把鱼捏死。但明知是活的说是死的，就打了诳语。鱼命和原则哪个更重要？禅师沉思了半个小时，终于说道：是死的。武士看了看手中的鱼，说道：麻痹的，半个小时前还是活的。</msg>
<status status="PASS" starttime="20181118 11:15:40.923" endtime="20181118 11:15:40.935"></status>
</kw>
<msg timestamp="20181118 11:15:40.935" level="INFO">${aJoke} = /难过 一个武士手里拿一条活鱼问禅师：我跟你打一个赌，你猜我手里这个鱼是活的还是死的？禅师心想：如果说是活的，武士就会把鱼捏死。但明知是活的说是死的，就打了诳语。鱼命和原则哪个更重要？禅师沉思了半个小时，终于说道：是死的。武士看了看手中的鱼，说道：麻痹的，半个小时前还是活的。</msg>
<status status="PASS" starttime="20181118 11:15:40.533" endtime="20181118 11:15:40.935"></status>
</kw>
<kw name="Input Text" library="AppiumLibrary">
<doc>Types the given `text` into text field identified by `locator`.</doc>
<arguments>
<arg>locator=com.bdvtt.www:id/add_content</arg>
<arg>text=${aJoke}</arg>
</arguments>
<msg timestamp="20181118 11:15:40.935" level="INFO">Typing text '/难过 一个武士手里拿一条活鱼问禅师：我跟你打一个赌，你猜我手里这个鱼是活的还是死的？禅师心想：如果说是活的，武士就会把鱼捏死。但明知是活的说是死的，就打了诳语。鱼命和原则哪个更重要？禅师沉思了半个小时，终于说道：是死的。武士看了看手中的鱼，说道：麻痹的，半个小时前还是活的。' into text field 'com.bdvtt.www:id/add_content'</msg>
<status status="PASS" starttime="20181118 11:15:40.935" endtime="20181118 11:15:53.577"></status>
</kw>
<kw name="Wait Until Element Is Visible" library="AppiumLibrary">
<doc>Waits until element specified with `locator` is visible.</doc>
<arguments>
<arg>locator=com.bdvtt.www:id/btok</arg>
</arguments>
<status status="PASS" starttime="20181118 11:15:53.577" endtime="20181118 11:15:58.350"></status>
</kw>
<kw name="Click Element" library="AppiumLibrary">
<doc>Click element identified by `locator`.</doc>
<arguments>
<arg>locator=com.bdvtt.www:id/btok</arg>
</arguments>
<msg timestamp="20181118 11:15:58.350" level="INFO">Clicking element 'com.bdvtt.www:id/btok'.</msg>
<status status="PASS" starttime="20181118 11:15:58.350" endtime="20181118 11:16:01.544"></status>
</kw>
<status status="PASS" starttime="20181118 11:15:40.533" endtime="20181118 11:16:01.544"></status>
</kw>
<kw name="${index} = 7" type="foritem">
<kw name="从数据库获取一个笑话并更新改笑话状态为已使用">
<assign>
<var>${aJoke}</var>
</assign>
<kw name="Log" library="BuiltIn">
<doc>Logs the given message with the given level.</doc>
<arguments>
<arg>aaa</arg>
</arguments>
<msg timestamp="20181118 11:16:01.554" level="INFO">aaa</msg>
<status status="PASS" starttime="20181118 11:16:01.554" endtime="20181118 11:16:01.554"></status>
</kw>
<kw name="Connect To Database Using Custom Params" library="DatabaseLibrary">
<doc>Loads the DB API 2.0 module given `dbapiModuleName` then uses it to</doc>
<arguments>
<arg>pymysql</arg>
<arg>database='adminserver', user='admin', password='Huawei123', host='192.168.1.112', port=3306</arg>
</arguments>
<msg timestamp="20181118 11:16:01.564" level="INFO">Executing : Connect To Database Using Custom Params : pymysql.connect(db_api_2.connect(database='adminserver', user='admin', password='Huawei123', host='192.168.1.112', port=3306)) </msg>
<status status="PASS" starttime="20181118 11:16:01.554" endtime="20181118 11:16:01.584"></status>
</kw>
<kw name="Query" library="DatabaseLibrary">
<doc>Uses the input `selectStatement` to query for the values that will be returned as a list of tuples. Set optional</doc>
<arguments>
<arg>selectStatement=select id,content from lengxiaohua where status=0 limit 1;</arg>
</arguments>
<assign>
<var>@{queryResults}</var>
</assign>
<msg timestamp="20181118 11:16:01.584" level="INFO">Executing : Query  |  select id,content from lengxiaohua where status=0 limit 1; </msg>
<msg timestamp="20181118 11:16:01.594" level="INFO">@{queryResults} = [ (1701, '期末考试填空题，问李清照是___派的词人，我实在不知道就写了个武当派。。。卷子发下来的时候老师说有个学生的答案必须得请他家长来看看！！我想我完蛋了，结果是同桌被请家长了，因为他的答案是“蛋黄派”') ]</msg>
<status status="PASS" starttime="20181118 11:16:01.584" endtime="20181118 11:16:01.594"></status>
</kw>
<kw name="Set Variable" library="BuiltIn">
<doc>Returns the given values which can then be assigned to a variables.</doc>
<arguments>
<arg>@{queryResults}[0]</arg>
</arguments>
<assign>
<var>@{results}</var>
</assign>
<msg timestamp="20181118 11:16:01.604" level="INFO">@{results} = [ 1701 | 期末考试填空题，问李清照是___派的词人，我实在不知道就写了个武当派。。。卷子发下来的时候老师说有个学生的答案必须得请他家长来看看！！我想我完蛋了，结果是同桌被请家长了，因为他的答案是“蛋黄派” ]</msg>
<status status="PASS" starttime="20181118 11:16:01.594" endtime="20181118 11:16:01.604"></status>
</kw>
<kw name="Execute Sql String" library="DatabaseLibrary">
<doc>Executes the sqlString as SQL commands. Useful to pass arguments to your sql. Set optional input `sansTran` to</doc>
<arguments>
<arg>sqlString=update lengxiaohua set status=1 where id=@{results}[0];</arg>
</arguments>
<msg timestamp="20181118 11:16:01.604" level="INFO">Executing : Execute SQL String  |  update lengxiaohua set status=1 where id=1701; </msg>
<status status="PASS" starttime="20181118 11:16:01.604" endtime="20181118 11:16:01.624"></status>
</kw>
<kw name="Log Many" library="BuiltIn">
<doc>Logs the given messages as separate entries using the INFO level.</doc>
<arguments>
<arg>@{results}[0]</arg>
<arg>@{results}[1]</arg>
</arguments>
<msg timestamp="20181118 11:16:01.624" level="INFO">1701</msg>
<msg timestamp="20181118 11:16:01.624" level="INFO">期末考试填空题，问李清照是___派的词人，我实在不知道就写了个武当派。。。卷子发下来的时候老师说有个学生的答案必须得请他家长来看看！！我想我完蛋了，结果是同桌被请家长了，因为他的答案是“蛋黄派”</msg>
<status status="PASS" starttime="20181118 11:16:01.624" endtime="20181118 11:16:01.624"></status>
</kw>
<msg timestamp="20181118 11:16:01.624" level="INFO">${aJoke} = 期末考试填空题，问李清照是___派的词人，我实在不知道就写了个武当派。。。卷子发下来的时候老师说有个学生的答案必须得请他家长来看看！！我想我完蛋了，结果是同桌被请家长了，因为他的答案是“蛋黄派”</msg>
<status status="PASS" starttime="20181118 11:16:01.544" endtime="20181118 11:16:01.624"></status>
</kw>
<kw name="Input Text" library="AppiumLibrary">
<doc>Types the given `text` into text field identified by `locator`.</doc>
<arguments>
<arg>locator=com.bdvtt.www:id/add_content</arg>
<arg>text=${aJoke}</arg>
</arguments>
<msg timestamp="20181118 11:16:01.634" level="INFO">Typing text '期末考试填空题，问李清照是___派的词人，我实在不知道就写了个武当派。。。卷子发下来的时候老师说有个学生的答案必须得请他家长来看看！！我想我完蛋了，结果是同桌被请家长了，因为他的答案是“蛋黄派”' into text field 'com.bdvtt.www:id/add_content'</msg>
<status status="PASS" starttime="20181118 11:16:01.624" endtime="20181118 11:16:14.181"></status>
</kw>
<kw name="Wait Until Element Is Visible" library="AppiumLibrary">
<doc>Waits until element specified with `locator` is visible.</doc>
<arguments>
<arg>locator=com.bdvtt.www:id/btok</arg>
</arguments>
<status status="PASS" starttime="20181118 11:16:14.181" endtime="20181118 11:16:20.117"></status>
</kw>
<kw name="Click Element" library="AppiumLibrary">
<doc>Click element identified by `locator`.</doc>
<arguments>
<arg>locator=com.bdvtt.www:id/btok</arg>
</arguments>
<msg timestamp="20181118 11:16:20.117" level="INFO">Clicking element 'com.bdvtt.www:id/btok'.</msg>
<status status="PASS" starttime="20181118 11:16:20.117" endtime="20181118 11:16:25.069"></status>
</kw>
<status status="PASS" starttime="20181118 11:16:01.544" endtime="20181118 11:16:25.069"></status>
</kw>
<kw name="${index} = 8" type="foritem">
<kw name="从数据库获取一个笑话并更新改笑话状态为已使用">
<assign>
<var>${aJoke}</var>
</assign>
<kw name="Log" library="BuiltIn">
<doc>Logs the given message with the given level.</doc>
<arguments>
<arg>aaa</arg>
</arguments>
<msg timestamp="20181118 11:16:25.079" level="INFO">aaa</msg>
<status status="PASS" starttime="20181118 11:16:25.079" endtime="20181118 11:16:25.079"></status>
</kw>
<kw name="Connect To Database Using Custom Params" library="DatabaseLibrary">
<doc>Loads the DB API 2.0 module given `dbapiModuleName` then uses it to</doc>
<arguments>
<arg>pymysql</arg>
<arg>database='adminserver', user='admin', password='Huawei123', host='192.168.1.112', port=3306</arg>
</arguments>
<msg timestamp="20181118 11:16:25.079" level="INFO">Executing : Connect To Database Using Custom Params : pymysql.connect(db_api_2.connect(database='adminserver', user='admin', password='Huawei123', host='192.168.1.112', port=3306)) </msg>
<status status="PASS" starttime="20181118 11:16:25.079" endtime="20181118 11:16:25.129"></status>
</kw>
<kw name="Query" library="DatabaseLibrary">
<doc>Uses the input `selectStatement` to query for the values that will be returned as a list of tuples. Set optional</doc>
<arguments>
<arg>selectStatement=select id,content from lengxiaohua where status=0 limit 1;</arg>
</arguments>
<assign>
<var>@{queryResults}</var>
</assign>
<msg timestamp="20181118 11:16:25.129" level="INFO">Executing : Query  |  select id,content from lengxiaohua where status=0 limit 1; </msg>
<msg timestamp="20181118 11:16:25.179" level="INFO">@{queryResults} = [ (1702, '1辅导班老师，给学生布置了不少作业。末了他随口说：“做错一题罚两题，做对两题奖励一题。”全班同学都不淡定了…… 2化学老师因为大家成绩不好大怒：“看看你们考的这分，真是让人上火！”后面阴暗的角落接道：“怕上火喝王老吉。” 3大学一个同学眼睛奇小，正常状态下看上去只有一道缝。一日在食堂午饭后聚精会神看电视，食堂一清洁工走过来惊奇地说：“同学，你咋吃完饭就在这儿睡着了？') ]</msg>
<status status="PASS" starttime="20181118 11:16:25.129" endtime="20181118 11:16:25.179"></status>
</kw>
<kw name="Set Variable" library="BuiltIn">
<doc>Returns the given values which can then be assigned to a variables.</doc>
<arguments>
<arg>@{queryResults}[0]</arg>
</arguments>
<assign>
<var>@{results}</var>
</assign>
<msg timestamp="20181118 11:16:25.179" level="INFO">@{results} = [ 1702 | 1辅导班老师，给学生布置了不少作业。末了他随口说：“做错一题罚两题，做对两题奖励一题。”全班同学都不淡定了…… 2化学老师因为大家成绩不好大怒：“看看你们考的这分，真是让人上火！”后面阴暗的角落接道：“怕上火喝王老吉。” 3大学一个同学眼睛奇小，正常状态下看上去只有一道缝。一日在食堂午饭后聚精会神看电视，食堂一清洁工走过来惊奇地说：“同学，你咋吃完饭就在这儿睡着了？ ]</msg>
<status status="PASS" starttime="20181118 11:16:25.179" endtime="20181118 11:16:25.179"></status>
</kw>
<kw name="Execute Sql String" library="DatabaseLibrary">
<doc>Executes the sqlString as SQL commands. Useful to pass arguments to your sql. Set optional input `sansTran` to</doc>
<arguments>
<arg>sqlString=update lengxiaohua set status=1 where id=@{results}[0];</arg>
</arguments>
<msg timestamp="20181118 11:16:25.189" level="INFO">Executing : Execute SQL String  |  update lengxiaohua set status=1 where id=1702; </msg>
<status status="PASS" starttime="20181118 11:16:25.189" endtime="20181118 11:16:25.219"></status>
</kw>
<kw name="Log Many" library="BuiltIn">
<doc>Logs the given messages as separate entries using the INFO level.</doc>
<arguments>
<arg>@{results}[0]</arg>
<arg>@{results}[1]</arg>
</arguments>
<msg timestamp="20181118 11:16:25.219" level="INFO">1702</msg>
<msg timestamp="20181118 11:16:25.219" level="INFO">1辅导班老师，给学生布置了不少作业。末了他随口说：“做错一题罚两题，做对两题奖励一题。”全班同学都不淡定了…… 2化学老师因为大家成绩不好大怒：“看看你们考的这分，真是让人上火！”后面阴暗的角落接道：“怕上火喝王老吉。” 3大学一个同学眼睛奇小，正常状态下看上去只有一道缝。一日在食堂午饭后聚精会神看电视，食堂一清洁工走过来惊奇地说：“同学，你咋吃完饭就在这儿睡着了？</msg>
<status status="PASS" starttime="20181118 11:16:25.219" endtime="20181118 11:16:25.219"></status>
</kw>
<msg timestamp="20181118 11:16:25.219" level="INFO">${aJoke} = 1辅导班老师，给学生布置了不少作业。末了他随口说：“做错一题罚两题，做对两题奖励一题。”全班同学都不淡定了…… 2化学老师因为大家成绩不好大怒：“看看你们考的这分，真是让人上火！”后面阴暗的角落接道：“怕上火喝王老吉。” 3大学一个同学眼睛奇小，正常状态下看上去只有一道缝。一日在食堂午饭后聚精会神看电视，食堂一清洁工走过来惊奇地说：“同学，你咋吃完饭就在这儿睡着了？</msg>
<status status="PASS" starttime="20181118 11:16:25.079" endtime="20181118 11:16:25.219"></status>
</kw>
<kw name="Input Text" library="AppiumLibrary">
<doc>Types the given `text` into text field identified by `locator`.</doc>
<arguments>
<arg>locator=com.bdvtt.www:id/add_content</arg>
<arg>text=${aJoke}</arg>
</arguments>
<msg timestamp="20181118 11:16:25.229" level="INFO">Typing text '1辅导班老师，给学生布置了不少作业。末了他随口说：“做错一题罚两题，做对两题奖励一题。”全班同学都不淡定了…… 2化学老师因为大家成绩不好大怒：“看看你们考的这分，真是让人上火！”后面阴暗的角落接道：“怕上火喝王老吉。” 3大学一个同学眼睛奇小，正常状态下看上去只有一道缝。一日在食堂午饭后聚精会神看电视，食堂一清洁工走过来惊奇地说：“同学，你咋吃完饭就在这儿睡着了？' into text field 'com.bdvtt.www:id/add_content'</msg>
<status status="PASS" starttime="20181118 11:16:25.229" endtime="20181118 11:16:39.510"></status>
</kw>
<kw name="Wait Until Element Is Visible" library="AppiumLibrary">
<doc>Waits until element specified with `locator` is visible.</doc>
<arguments>
<arg>locator=com.bdvtt.www:id/btok</arg>
</arguments>
<status status="PASS" starttime="20181118 11:16:39.510" endtime="20181118 11:16:45.170"></status>
</kw>
<kw name="Click Element" library="AppiumLibrary">
<doc>Click element identified by `locator`.</doc>
<arguments>
<arg>locator=com.bdvtt.www:id/btok</arg>
</arguments>
<msg timestamp="20181118 11:16:45.180" level="INFO">Clicking element 'com.bdvtt.www:id/btok'.</msg>
<status status="PASS" starttime="20181118 11:16:45.170" endtime="20181118 11:16:49.206"></status>
</kw>
<status status="PASS" starttime="20181118 11:16:25.079" endtime="20181118 11:16:49.206"></status>
</kw>
<kw name="${index} = 9" type="foritem">
<kw name="从数据库获取一个笑话并更新改笑话状态为已使用">
<assign>
<var>${aJoke}</var>
</assign>
<kw name="Log" library="BuiltIn">
<doc>Logs the given message with the given level.</doc>
<arguments>
<arg>aaa</arg>
</arguments>
<msg timestamp="20181118 11:16:49.206" level="INFO">aaa</msg>
<status status="PASS" starttime="20181118 11:16:49.206" endtime="20181118 11:16:49.206"></status>
</kw>
<kw name="Connect To Database Using Custom Params" library="DatabaseLibrary">
<doc>Loads the DB API 2.0 module given `dbapiModuleName` then uses it to</doc>
<arguments>
<arg>pymysql</arg>
<arg>database='adminserver', user='admin', password='Huawei123', host='192.168.1.112', port=3306</arg>
</arguments>
<msg timestamp="20181118 11:16:49.206" level="INFO">Executing : Connect To Database Using Custom Params : pymysql.connect(db_api_2.connect(database='adminserver', user='admin', password='Huawei123', host='192.168.1.112', port=3306)) </msg>
<status status="PASS" starttime="20181118 11:16:49.206" endtime="20181118 11:16:49.246"></status>
</kw>
<kw name="Query" library="DatabaseLibrary">
<doc>Uses the input `selectStatement` to query for the values that will be returned as a list of tuples. Set optional</doc>
<arguments>
<arg>selectStatement=select id,content from lengxiaohua where status=0 limit 1;</arg>
</arguments>
<assign>
<var>@{queryResults}</var>
</assign>
<msg timestamp="20181118 11:16:49.246" level="INFO">Executing : Query  |  select id,content from lengxiaohua where status=0 limit 1; </msg>
<msg timestamp="20181118 11:16:49.266" level="INFO">@{queryResults} = [ (1703, '大学有个女同学特霸道，有天进教室看见有个男生坐在她平时坐的位子上。 过去冲那男生吼：你给我让开，那是我的位子。 男生说：你说位子是你的就是你的？ 女生就说：这位子我都已经坐三年了，就是我的。 男生回答：那我暗恋了你三年，你应该是我的了！') ]</msg>
<status status="PASS" starttime="20181118 11:16:49.246" endtime="20181118 11:16:49.266"></status>
</kw>
<kw name="Set Variable" library="BuiltIn">
<doc>Returns the given values which can then be assigned to a variables.</doc>
<arguments>
<arg>@{queryResults}[0]</arg>
</arguments>
<assign>
<var>@{results}</var>
</assign>
<msg timestamp="20181118 11:16:49.266" level="INFO">@{results} = [ 1703 | 大学有个女同学特霸道，有天进教室看见有个男生坐在她平时坐的位子上。 过去冲那男生吼：你给我让开，那是我的位子。 男生说：你说位子是你的就是你的？ 女生就说：这位子我都已经坐三年了，就是我的。 男生回答：那我暗恋了你三年，你应该是我的了！ ]</msg>
<status status="PASS" starttime="20181118 11:16:49.266" endtime="20181118 11:16:49.266"></status>
</kw>
<kw name="Execute Sql String" library="DatabaseLibrary">
<doc>Executes the sqlString as SQL commands. Useful to pass arguments to your sql. Set optional input `sansTran` to</doc>
<arguments>
<arg>sqlString=update lengxiaohua set status=1 where id=@{results}[0];</arg>
</arguments>
<msg timestamp="20181118 11:16:49.266" level="INFO">Executing : Execute SQL String  |  update lengxiaohua set status=1 where id=1703; </msg>
<status status="PASS" starttime="20181118 11:16:49.266" endtime="20181118 11:16:49.566"></status>
</kw>
<kw name="Log Many" library="BuiltIn">
<doc>Logs the given messages as separate entries using the INFO level.</doc>
<arguments>
<arg>@{results}[0]</arg>
<arg>@{results}[1]</arg>
</arguments>
<msg timestamp="20181118 11:16:49.566" level="INFO">1703</msg>
<msg timestamp="20181118 11:16:49.576" level="INFO">大学有个女同学特霸道，有天进教室看见有个男生坐在她平时坐的位子上。 过去冲那男生吼：你给我让开，那是我的位子。 男生说：你说位子是你的就是你的？ 女生就说：这位子我都已经坐三年了，就是我的。 男生回答：那我暗恋了你三年，你应该是我的了！</msg>
<status status="PASS" starttime="20181118 11:16:49.566" endtime="20181118 11:16:49.576"></status>
</kw>
<msg timestamp="20181118 11:16:49.576" level="INFO">${aJoke} = 大学有个女同学特霸道，有天进教室看见有个男生坐在她平时坐的位子上。 过去冲那男生吼：你给我让开，那是我的位子。 男生说：你说位子是你的就是你的？ 女生就说：这位子我都已经坐三年了，就是我的。 男生回答：那我暗恋了你三年，你应该是我的了！</msg>
<status status="PASS" starttime="20181118 11:16:49.206" endtime="20181118 11:16:49.576"></status>
</kw>
<kw name="Input Text" library="AppiumLibrary">
<doc>Types the given `text` into text field identified by `locator`.</doc>
<arguments>
<arg>locator=com.bdvtt.www:id/add_content</arg>
<arg>text=${aJoke}</arg>
</arguments>
<msg timestamp="20181118 11:16:49.576" level="INFO">Typing text '大学有个女同学特霸道，有天进教室看见有个男生坐在她平时坐的位子上。 过去冲那男生吼：你给我让开，那是我的位子。 男生说：你说位子是你的就是你的？ 女生就说：这位子我都已经坐三年了，就是我的。 男生回答：那我暗恋了你三年，你应该是我的了！' into text field 'com.bdvtt.www:id/add_content'</msg>
<status status="PASS" starttime="20181118 11:16:49.576" endtime="20181118 11:17:01.527"></status>
</kw>
<kw name="Wait Until Element Is Visible" library="AppiumLibrary">
<doc>Waits until element specified with `locator` is visible.</doc>
<arguments>
<arg>locator=com.bdvtt.www:id/btok</arg>
</arguments>
<status status="PASS" starttime="20181118 11:17:01.527" endtime="20181118 11:17:05.026"></status>
</kw>
<kw name="Click Element" library="AppiumLibrary">
<doc>Click element identified by `locator`.</doc>
<arguments>
<arg>locator=com.bdvtt.www:id/btok</arg>
</arguments>
<msg timestamp="20181118 11:17:05.026" level="INFO">Clicking element 'com.bdvtt.www:id/btok'.</msg>
<status status="PASS" starttime="20181118 11:17:05.026" endtime="20181118 11:17:07.488"></status>
</kw>
<status status="PASS" starttime="20181118 11:16:49.206" endtime="20181118 11:17:07.498"></status>
</kw>
<kw name="${index} = 10" type="foritem">
<kw name="从数据库获取一个笑话并更新改笑话状态为已使用">
<assign>
<var>${aJoke}</var>
</assign>
<kw name="Log" library="BuiltIn">
<doc>Logs the given message with the given level.</doc>
<arguments>
<arg>aaa</arg>
</arguments>
<msg timestamp="20181118 11:17:07.498" level="INFO">aaa</msg>
<status status="PASS" starttime="20181118 11:17:07.498" endtime="20181118 11:17:07.498"></status>
</kw>
<kw name="Connect To Database Using Custom Params" library="DatabaseLibrary">
<doc>Loads the DB API 2.0 module given `dbapiModuleName` then uses it to</doc>
<arguments>
<arg>pymysql</arg>
<arg>database='adminserver', user='admin', password='Huawei123', host='192.168.1.112', port=3306</arg>
</arguments>
<msg timestamp="20181118 11:17:07.498" level="INFO">Executing : Connect To Database Using Custom Params : pymysql.connect(db_api_2.connect(database='adminserver', user='admin', password='Huawei123', host='192.168.1.112', port=3306)) </msg>
<status status="PASS" starttime="20181118 11:17:07.498" endtime="20181118 11:17:07.518"></status>
</kw>
<kw name="Query" library="DatabaseLibrary">
<doc>Uses the input `selectStatement` to query for the values that will be returned as a list of tuples. Set optional</doc>
<arguments>
<arg>selectStatement=select id,content from lengxiaohua where status=0 limit 1;</arg>
</arguments>
<assign>
<var>@{queryResults}</var>
</assign>
<msg timestamp="20181118 11:17:07.518" level="INFO">Executing : Query  |  select id,content from lengxiaohua where status=0 limit 1; </msg>
<msg timestamp="20181118 11:17:07.548" level="INFO">@{queryResults} = [ (1704, '等叶诗文长大了，就嫁给孙杨吧，年龄 相差五岁很合适，相貌也般配，都是杭 州人，都是世界游泳冠军，更关键的 是，他们的下一代会比鱼游得还快。 司仪的台词我都想好了：“现在， 请新郎新娘交换金牌。”') ]</msg>
<status status="PASS" starttime="20181118 11:17:07.518" endtime="20181118 11:17:07.548"></status>
</kw>
<kw name="Set Variable" library="BuiltIn">
<doc>Returns the given values which can then be assigned to a variables.</doc>
<arguments>
<arg>@{queryResults}[0]</arg>
</arguments>
<assign>
<var>@{results}</var>
</assign>
<msg timestamp="20181118 11:17:07.558" level="INFO">@{results} = [ 1704 | 等叶诗文长大了，就嫁给孙杨吧，年龄 相差五岁很合适，相貌也般配，都是杭 州人，都是世界游泳冠军，更关键的 是，他们的下一代会比鱼游得还快。 司仪的台词我都想好了：“现在， 请新郎新娘交换金牌。” ]</msg>
<status status="PASS" starttime="20181118 11:17:07.548" endtime="20181118 11:17:07.558"></status>
</kw>
<kw name="Execute Sql String" library="DatabaseLibrary">
<doc>Executes the sqlString as SQL commands. Useful to pass arguments to your sql. Set optional input `sansTran` to</doc>
<arguments>
<arg>sqlString=update lengxiaohua set status=1 where id=@{results}[0];</arg>
</arguments>
<msg timestamp="20181118 11:17:07.558" level="INFO">Executing : Execute SQL String  |  update lengxiaohua set status=1 where id=1704; </msg>
<status status="PASS" starttime="20181118 11:17:07.558" endtime="20181118 11:17:07.838"></status>
</kw>
<kw name="Log Many" library="BuiltIn">
<doc>Logs the given messages as separate entries using the INFO level.</doc>
<arguments>
<arg>@{results}[0]</arg>
<arg>@{results}[1]</arg>
</arguments>
<msg timestamp="20181118 11:17:07.848" level="INFO">1704</msg>
<msg timestamp="20181118 11:17:07.848" level="INFO">等叶诗文长大了，就嫁给孙杨吧，年龄 相差五岁很合适，相貌也般配，都是杭 州人，都是世界游泳冠军，更关键的 是，他们的下一代会比鱼游得还快。 司仪的台词我都想好了：“现在， 请新郎新娘交换金牌。”</msg>
<status status="PASS" starttime="20181118 11:17:07.838" endtime="20181118 11:17:07.848"></status>
</kw>
<msg timestamp="20181118 11:17:07.848" level="INFO">${aJoke} = 等叶诗文长大了，就嫁给孙杨吧，年龄 相差五岁很合适，相貌也般配，都是杭 州人，都是世界游泳冠军，更关键的 是，他们的下一代会比鱼游得还快。 司仪的台词我都想好了：“现在， 请新郎新娘交换金牌。”</msg>
<status status="PASS" starttime="20181118 11:17:07.498" endtime="20181118 11:17:07.848"></status>
</kw>
<kw name="Input Text" library="AppiumLibrary">
<doc>Types the given `text` into text field identified by `locator`.</doc>
<arguments>
<arg>locator=com.bdvtt.www:id/add_content</arg>
<arg>text=${aJoke}</arg>
</arguments>
<msg timestamp="20181118 11:17:07.848" level="INFO">Typing text '等叶诗文长大了，就嫁给孙杨吧，年龄 相差五岁很合适，相貌也般配，都是杭 州人，都是世界游泳冠军，更关键的 是，他们的下一代会比鱼游得还快。 司仪的台词我都想好了：“现在， 请新郎新娘交换金牌。”' into text field 'com.bdvtt.www:id/add_content'</msg>
<status status="PASS" starttime="20181118 11:17:07.848" endtime="20181118 11:17:20.182"></status>
</kw>
<kw name="Wait Until Element Is Visible" library="AppiumLibrary">
<doc>Waits until element specified with `locator` is visible.</doc>
<arguments>
<arg>locator=com.bdvtt.www:id/btok</arg>
</arguments>
<status status="PASS" starttime="20181118 11:17:20.182" endtime="20181118 11:17:27.253"></status>
</kw>
<kw name="Click Element" library="AppiumLibrary">
<doc>Click element identified by `locator`.</doc>
<arguments>
<arg>locator=com.bdvtt.www:id/btok</arg>
</arguments>
<msg timestamp="20181118 11:17:27.253" level="INFO">Clicking element 'com.bdvtt.www:id/btok'.</msg>
<status status="PASS" starttime="20181118 11:17:27.253" endtime="20181118 11:17:34.256"></status>
</kw>
<status status="PASS" starttime="20181118 11:17:07.498" endtime="20181118 11:17:34.256"></status>
</kw>
<kw name="${index} = 11" type="foritem">
<kw name="从数据库获取一个笑话并更新改笑话状态为已使用">
<assign>
<var>${aJoke}</var>
</assign>
<kw name="Log" library="BuiltIn">
<doc>Logs the given message with the given level.</doc>
<arguments>
<arg>aaa</arg>
</arguments>
<msg timestamp="20181118 11:17:34.266" level="INFO">aaa</msg>
<status status="PASS" starttime="20181118 11:17:34.266" endtime="20181118 11:17:34.266"></status>
</kw>
<kw name="Connect To Database Using Custom Params" library="DatabaseLibrary">
<doc>Loads the DB API 2.0 module given `dbapiModuleName` then uses it to</doc>
<arguments>
<arg>pymysql</arg>
<arg>database='adminserver', user='admin', password='Huawei123', host='192.168.1.112', port=3306</arg>
</arguments>
<msg timestamp="20181118 11:17:34.266" level="INFO">Executing : Connect To Database Using Custom Params : pymysql.connect(db_api_2.connect(database='adminserver', user='admin', password='Huawei123', host='192.168.1.112', port=3306)) </msg>
<status status="PASS" starttime="20181118 11:17:34.266" endtime="20181118 11:17:34.356"></status>
</kw>
<kw name="Query" library="DatabaseLibrary">
<doc>Uses the input `selectStatement` to query for the values that will be returned as a list of tuples. Set optional</doc>
<arguments>
<arg>selectStatement=select id,content from lengxiaohua where status=0 limit 1;</arg>
</arguments>
<assign>
<var>@{queryResults}</var>
</assign>
<msg timestamp="20181118 11:17:34.356" level="INFO">Executing : Query  |  select id,content from lengxiaohua where status=0 limit 1; </msg>
<msg timestamp="20181118 11:17:34.376" level="INFO">@{queryResults} = [ (1705, '有一天半夜，一中年男人用微信查找附近的人，加了最近的女孩微信，然后消息说:“美女你好，离你好近呀，有时间一起喝喝茶！”女孩回答:“爸，你换个头像好不好？大晚上的，快睡觉吧！') ]</msg>
<status status="PASS" starttime="20181118 11:17:34.356" endtime="20181118 11:17:34.376"></status>
</kw>
<kw name="Set Variable" library="BuiltIn">
<doc>Returns the given values which can then be assigned to a variables.</doc>
<arguments>
<arg>@{queryResults}[0]</arg>
</arguments>
<assign>
<var>@{results}</var>
</assign>
<msg timestamp="20181118 11:17:34.376" level="INFO">@{results} = [ 1705 | 有一天半夜，一中年男人用微信查找附近的人，加了最近的女孩微信，然后消息说:“美女你好，离你好近呀，有时间一起喝喝茶！”女孩回答:“爸，你换个头像好不好？大晚上的，快睡觉吧！ ]</msg>
<status status="PASS" starttime="20181118 11:17:34.376" endtime="20181118 11:17:34.376"></status>
</kw>
<kw name="Execute Sql String" library="DatabaseLibrary">
<doc>Executes the sqlString as SQL commands. Useful to pass arguments to your sql. Set optional input `sansTran` to</doc>
<arguments>
<arg>sqlString=update lengxiaohua set status=1 where id=@{results}[0];</arg>
</arguments>
<msg timestamp="20181118 11:17:34.386" level="INFO">Executing : Execute SQL String  |  update lengxiaohua set status=1 where id=1705; </msg>
<status status="PASS" starttime="20181118 11:17:34.376" endtime="20181118 11:17:34.696"></status>
</kw>
<kw name="Log Many" library="BuiltIn">
<doc>Logs the given messages as separate entries using the INFO level.</doc>
<arguments>
<arg>@{results}[0]</arg>
<arg>@{results}[1]</arg>
</arguments>
<msg timestamp="20181118 11:17:34.696" level="INFO">1705</msg>
<msg timestamp="20181118 11:17:34.696" level="INFO">有一天半夜，一中年男人用微信查找附近的人，加了最近的女孩微信，然后消息说:“美女你好，离你好近呀，有时间一起喝喝茶！”女孩回答:“爸，你换个头像好不好？大晚上的，快睡觉吧！</msg>
<status status="PASS" starttime="20181118 11:17:34.696" endtime="20181118 11:17:34.696"></status>
</kw>
<msg timestamp="20181118 11:17:34.696" level="INFO">${aJoke} = 有一天半夜，一中年男人用微信查找附近的人，加了最近的女孩微信，然后消息说:“美女你好，离你好近呀，有时间一起喝喝茶！”女孩回答:“爸，你换个头像好不好？大晚上的，快睡觉吧！</msg>
<status status="PASS" starttime="20181118 11:17:34.256" endtime="20181118 11:17:34.696"></status>
</kw>
<kw name="Input Text" library="AppiumLibrary">
<doc>Types the given `text` into text field identified by `locator`.</doc>
<arguments>
<arg>locator=com.bdvtt.www:id/add_content</arg>
<arg>text=${aJoke}</arg>
</arguments>
<msg timestamp="20181118 11:17:34.696" level="INFO">Typing text '有一天半夜，一中年男人用微信查找附近的人，加了最近的女孩微信，然后消息说:“美女你好，离你好近呀，有时间一起喝喝茶！”女孩回答:“爸，你换个头像好不好？大晚上的，快睡觉吧！' into text field 'com.bdvtt.www:id/add_content'</msg>
<status status="PASS" starttime="20181118 11:17:34.696" endtime="20181118 11:17:47.650"></status>
</kw>
<kw name="Wait Until Element Is Visible" library="AppiumLibrary">
<doc>Waits until element specified with `locator` is visible.</doc>
<arguments>
<arg>locator=com.bdvtt.www:id/btok</arg>
</arguments>
<status status="PASS" starttime="20181118 11:17:47.650" endtime="20181118 11:17:54.626"></status>
</kw>
<kw name="Click Element" library="AppiumLibrary">
<doc>Click element identified by `locator`.</doc>
<arguments>
<arg>locator=com.bdvtt.www:id/btok</arg>
</arguments>
<msg timestamp="20181118 11:17:54.626" level="INFO">Clicking element 'com.bdvtt.www:id/btok'.</msg>
<status status="PASS" starttime="20181118 11:17:54.626" endtime="20181118 11:17:59.372"></status>
</kw>
<status status="PASS" starttime="20181118 11:17:34.256" endtime="20181118 11:17:59.372"></status>
</kw>
<kw name="${index} = 12" type="foritem">
<kw name="从数据库获取一个笑话并更新改笑话状态为已使用">
<assign>
<var>${aJoke}</var>
</assign>
<kw name="Log" library="BuiltIn">
<doc>Logs the given message with the given level.</doc>
<arguments>
<arg>aaa</arg>
</arguments>
<msg timestamp="20181118 11:17:59.382" level="INFO">aaa</msg>
<status status="PASS" starttime="20181118 11:17:59.372" endtime="20181118 11:17:59.382"></status>
</kw>
<kw name="Connect To Database Using Custom Params" library="DatabaseLibrary">
<doc>Loads the DB API 2.0 module given `dbapiModuleName` then uses it to</doc>
<arguments>
<arg>pymysql</arg>
<arg>database='adminserver', user='admin', password='Huawei123', host='192.168.1.112', port=3306</arg>
</arguments>
<msg timestamp="20181118 11:17:59.382" level="INFO">Executing : Connect To Database Using Custom Params : pymysql.connect(db_api_2.connect(database='adminserver', user='admin', password='Huawei123', host='192.168.1.112', port=3306)) </msg>
<status status="PASS" starttime="20181118 11:17:59.382" endtime="20181118 11:17:59.442"></status>
</kw>
<kw name="Query" library="DatabaseLibrary">
<doc>Uses the input `selectStatement` to query for the values that will be returned as a list of tuples. Set optional</doc>
<arguments>
<arg>selectStatement=select id,content from lengxiaohua where status=0 limit 1;</arg>
</arguments>
<assign>
<var>@{queryResults}</var>
</assign>
<msg timestamp="20181118 11:17:59.442" level="INFO">Executing : Query  |  select id,content from lengxiaohua where status=0 limit 1; </msg>
<msg timestamp="20181118 11:17:59.452" level="INFO">@{queryResults} = [ (1706, '本人小女子一枚，回家后，把内衣里的 胸垫随便的丢在了桌上。老妈看见后就 问我这是什么东西？我不屑的说：作为 一个女人，居然连这都不知道！结果换 来我妈一句：“作为一个女人还用这玩 意？！”口气超鄙视！我瞬间觉得被我妈 秒杀了!') ]</msg>
<status status="PASS" starttime="20181118 11:17:59.442" endtime="20181118 11:17:59.452"></status>
</kw>
<kw name="Set Variable" library="BuiltIn">
<doc>Returns the given values which can then be assigned to a variables.</doc>
<arguments>
<arg>@{queryResults}[0]</arg>
</arguments>
<assign>
<var>@{results}</var>
</assign>
<msg timestamp="20181118 11:17:59.462" level="INFO">@{results} = [ 1706 | 本人小女子一枚，回家后，把内衣里的 胸垫随便的丢在了桌上。老妈看见后就 问我这是什么东西？我不屑的说：作为 一个女人，居然连这都不知道！结果换 来我妈一句：“作为一个女人还用这玩 意？！”口气超鄙视！我瞬间觉得被我妈 秒杀了! ]</msg>
<status status="PASS" starttime="20181118 11:17:59.462" endtime="20181118 11:17:59.462"></status>
</kw>
<kw name="Execute Sql String" library="DatabaseLibrary">
<doc>Executes the sqlString as SQL commands. Useful to pass arguments to your sql. Set optional input `sansTran` to</doc>
<arguments>
<arg>sqlString=update lengxiaohua set status=1 where id=@{results}[0];</arg>
</arguments>
<msg timestamp="20181118 11:17:59.462" level="INFO">Executing : Execute SQL String  |  update lengxiaohua set status=1 where id=1706; </msg>
<status status="PASS" starttime="20181118 11:17:59.462" endtime="20181118 11:17:59.492"></status>
</kw>
<kw name="Log Many" library="BuiltIn">
<doc>Logs the given messages as separate entries using the INFO level.</doc>
<arguments>
<arg>@{results}[0]</arg>
<arg>@{results}[1]</arg>
</arguments>
<msg timestamp="20181118 11:17:59.492" level="INFO">1706</msg>
<msg timestamp="20181118 11:17:59.492" level="INFO">本人小女子一枚，回家后，把内衣里的 胸垫随便的丢在了桌上。老妈看见后就 问我这是什么东西？我不屑的说：作为 一个女人，居然连这都不知道！结果换 来我妈一句：“作为一个女人还用这玩 意？！”口气超鄙视！我瞬间觉得被我妈 秒杀了!</msg>
<status status="PASS" starttime="20181118 11:17:59.492" endtime="20181118 11:17:59.492"></status>
</kw>
<msg timestamp="20181118 11:17:59.492" level="INFO">${aJoke} = 本人小女子一枚，回家后，把内衣里的 胸垫随便的丢在了桌上。老妈看见后就 问我这是什么东西？我不屑的说：作为 一个女人，居然连这都不知道！结果换 来我妈一句：“作为一个女人还用这玩 意？！”口气超鄙视！我瞬间觉得被我妈 秒杀了!</msg>
<status status="PASS" starttime="20181118 11:17:59.372" endtime="20181118 11:17:59.502"></status>
</kw>
<kw name="Input Text" library="AppiumLibrary">
<doc>Types the given `text` into text field identified by `locator`.</doc>
<arguments>
<arg>locator=com.bdvtt.www:id/add_content</arg>
<arg>text=${aJoke}</arg>
</arguments>
<msg timestamp="20181118 11:17:59.502" level="INFO">Typing text '本人小女子一枚，回家后，把内衣里的 胸垫随便的丢在了桌上。老妈看见后就 问我这是什么东西？我不屑的说：作为 一个女人，居然连这都不知道！结果换 来我妈一句：“作为一个女人还用这玩 意？！”口气超鄙视！我瞬间觉得被我妈 秒杀了!' into text field 'com.bdvtt.www:id/add_content'</msg>
<status status="PASS" starttime="20181118 11:17:59.502" endtime="20181118 11:18:10.826"></status>
</kw>
<kw name="Wait Until Element Is Visible" library="AppiumLibrary">
<doc>Waits until element specified with `locator` is visible.</doc>
<arguments>
<arg>locator=com.bdvtt.www:id/btok</arg>
</arguments>
<status status="PASS" starttime="20181118 11:18:10.836" endtime="20181118 11:18:14.239"></status>
</kw>
<kw name="Click Element" library="AppiumLibrary">
<doc>Click element identified by `locator`.</doc>
<arguments>
<arg>locator=com.bdvtt.www:id/btok</arg>
</arguments>
<msg timestamp="20181118 11:18:14.239" level="INFO">Clicking element 'com.bdvtt.www:id/btok'.</msg>
<status status="PASS" starttime="20181118 11:18:14.239" endtime="20181118 11:18:16.569"></status>
</kw>
<status status="PASS" starttime="20181118 11:17:59.372" endtime="20181118 11:18:16.569"></status>
</kw>
<kw name="${index} = 13" type="foritem">
<kw name="从数据库获取一个笑话并更新改笑话状态为已使用">
<assign>
<var>${aJoke}</var>
</assign>
<kw name="Log" library="BuiltIn">
<doc>Logs the given message with the given level.</doc>
<arguments>
<arg>aaa</arg>
</arguments>
<msg timestamp="20181118 11:18:16.569" level="INFO">aaa</msg>
<status status="PASS" starttime="20181118 11:18:16.569" endtime="20181118 11:18:16.569"></status>
</kw>
<kw name="Connect To Database Using Custom Params" library="DatabaseLibrary">
<doc>Loads the DB API 2.0 module given `dbapiModuleName` then uses it to</doc>
<arguments>
<arg>pymysql</arg>
<arg>database='adminserver', user='admin', password='Huawei123', host='192.168.1.112', port=3306</arg>
</arguments>
<msg timestamp="20181118 11:18:16.569" level="INFO">Executing : Connect To Database Using Custom Params : pymysql.connect(db_api_2.connect(database='adminserver', user='admin', password='Huawei123', host='192.168.1.112', port=3306)) </msg>
<status status="PASS" starttime="20181118 11:18:16.569" endtime="20181118 11:18:16.609"></status>
</kw>
<kw name="Query" library="DatabaseLibrary">
<doc>Uses the input `selectStatement` to query for the values that will be returned as a list of tuples. Set optional</doc>
<arguments>
<arg>selectStatement=select id,content from lengxiaohua where status=0 limit 1;</arg>
</arguments>
<assign>
<var>@{queryResults}</var>
</assign>
<msg timestamp="20181118 11:18:16.609" level="INFO">Executing : Query  |  select id,content from lengxiaohua where status=0 limit 1; </msg>
<msg timestamp="20181118 11:18:16.619" level="INFO">@{queryResults} = [ (1707, '一对父子的聊天记录 儿子：“爸，我女朋友怀孕了，我想和她结婚。” 爸爸“哪个？” 儿子：“还有那个！上次回家不是给你们看了吗？” “啊，有印象，那么漂亮怎么看上你了。” 儿子：“她说我老实可靠。你和我妈商量下，要是可以我过年带回去，商量啥时侯结婚的事。” “你确定她怀的是你的？可别喜当爹啊。” 儿子：“。。。，我心里有数的爸。” “别走爸的老路啊。” 儿子：“放心吧。” 儿子：...</msg>
<status status="PASS" starttime="20181118 11:18:16.609" endtime="20181118 11:18:16.619"></status>
</kw>
<kw name="Set Variable" library="BuiltIn">
<doc>Returns the given values which can then be assigned to a variables.</doc>
<arguments>
<arg>@{queryResults}[0]</arg>
</arguments>
<assign>
<var>@{results}</var>
</assign>
<msg timestamp="20181118 11:18:16.619" level="INFO">@{results} = [ 1707 | 一对父子的聊天记录 儿子：“爸，我女朋友怀孕了，我想和她结婚。” 爸爸“哪个？” 儿子：“还有那个！上次回家不是给你们看了吗？” “啊，有印象，那么漂亮怎么看上你了。” 儿子：“她说我老实可靠。你和我妈商量下，要是可以我过年带回去，商量啥时侯结婚的事。” “你确定她怀的是你的？可别喜当爹啊。” 儿子：“。。。，我心里有数的爸。” “别走爸的老路啊。” 儿子：“放心吧。” 儿子：“...</msg>
<status status="PASS" starttime="20181118 11:18:16.619" endtime="20181118 11:18:16.619"></status>
</kw>
<kw name="Execute Sql String" library="DatabaseLibrary">
<doc>Executes the sqlString as SQL commands. Useful to pass arguments to your sql. Set optional input `sansTran` to</doc>
<arguments>
<arg>sqlString=update lengxiaohua set status=1 where id=@{results}[0];</arg>
</arguments>
<msg timestamp="20181118 11:18:16.619" level="INFO">Executing : Execute SQL String  |  update lengxiaohua set status=1 where id=1707; </msg>
<status status="PASS" starttime="20181118 11:18:16.619" endtime="20181118 11:18:16.911"></status>
</kw>
<kw name="Log Many" library="BuiltIn">
<doc>Logs the given messages as separate entries using the INFO level.</doc>
<arguments>
<arg>@{results}[0]</arg>
<arg>@{results}[1]</arg>
</arguments>
<msg timestamp="20181118 11:18:16.921" level="INFO">1707</msg>
<msg timestamp="20181118 11:18:16.921" level="INFO">一对父子的聊天记录 儿子：“爸，我女朋友怀孕了，我想和她结婚。” 爸爸“哪个？” 儿子：“还有那个！上次回家不是给你们看了吗？” “啊，有印象，那么漂亮怎么看上你了。” 儿子：“她说我老实可靠。你和我妈商量下，要是可以我过年带回去，商量啥时侯结婚的事。” “你确定她怀的是你的？可别喜当爹啊。” 儿子：“。。。，我心里有数的爸。” “别走爸的老路啊。” 儿子：“放心吧。” 儿子：“啥？？？爸你刚说啥？？！！！”</msg>
<status status="PASS" starttime="20181118 11:18:16.921" endtime="20181118 11:18:16.921"></status>
</kw>
<msg timestamp="20181118 11:18:16.921" level="INFO">${aJoke} = 一对父子的聊天记录 儿子：“爸，我女朋友怀孕了，我想和她结婚。” 爸爸“哪个？” 儿子：“还有那个！上次回家不是给你们看了吗？” “啊，有印象，那么漂亮怎么看上你了。” 儿子：“她说我老实可靠。你和我妈商量下，要是可以我过年带回去，商量啥时侯结婚的事。” “你确定她怀的是你的？可别喜当爹啊。” 儿子：“。。。，我心里有数的爸。” “别走爸的老路啊。” 儿子：“放心吧。” 儿子：“啥？？？爸你刚说啥...</msg>
<status status="PASS" starttime="20181118 11:18:16.569" endtime="20181118 11:18:16.921"></status>
</kw>
<kw name="Input Text" library="AppiumLibrary">
<doc>Types the given `text` into text field identified by `locator`.</doc>
<arguments>
<arg>locator=com.bdvtt.www:id/add_content</arg>
<arg>text=${aJoke}</arg>
</arguments>
<msg timestamp="20181118 11:18:16.921" level="INFO">Typing text '一对父子的聊天记录 儿子：“爸，我女朋友怀孕了，我想和她结婚。” 爸爸“哪个？” 儿子：“还有那个！上次回家不是给你们看了吗？” “啊，有印象，那么漂亮怎么看上你了。” 儿子：“她说我老实可靠。你和我妈商量下，要是可以我过年带回去，商量啥时侯结婚的事。” “你确定她怀的是你的？可别喜当爹啊。” 儿子：“。。。，我心里有数的爸。” “别走爸的老路啊。” 儿子：“放心吧。” 儿子：“啥？？？爸你刚说啥？？！！！”' into text field 'com.bdvtt.www:id/add_content'</msg>
<status status="PASS" starttime="20181118 11:18:16.921" endtime="20181118 11:18:31.325"></status>
</kw>
<kw name="Wait Until Element Is Visible" library="AppiumLibrary">
<doc>Waits until element specified with `locator` is visible.</doc>
<arguments>
<arg>locator=com.bdvtt.www:id/btok</arg>
</arguments>
<status status="PASS" starttime="20181118 11:18:31.325" endtime="20181118 11:18:35.336"></status>
</kw>
<kw name="Click Element" library="AppiumLibrary">
<doc>Click element identified by `locator`.</doc>
<arguments>
<arg>locator=com.bdvtt.www:id/btok</arg>
</arguments>
<msg timestamp="20181118 11:18:35.336" level="INFO">Clicking element 'com.bdvtt.www:id/btok'.</msg>
<status status="PASS" starttime="20181118 11:18:35.336" endtime="20181118 11:18:39.525"></status>
</kw>
<status status="PASS" starttime="20181118 11:18:16.569" endtime="20181118 11:18:39.525"></status>
</kw>
<kw name="${index} = 14" type="foritem">
<kw name="从数据库获取一个笑话并更新改笑话状态为已使用">
<assign>
<var>${aJoke}</var>
</assign>
<kw name="Log" library="BuiltIn">
<doc>Logs the given message with the given level.</doc>
<arguments>
<arg>aaa</arg>
</arguments>
<msg timestamp="20181118 11:18:39.525" level="INFO">aaa</msg>
<status status="PASS" starttime="20181118 11:18:39.525" endtime="20181118 11:18:39.525"></status>
</kw>
<kw name="Connect To Database Using Custom Params" library="DatabaseLibrary">
<doc>Loads the DB API 2.0 module given `dbapiModuleName` then uses it to</doc>
<arguments>
<arg>pymysql</arg>
<arg>database='adminserver', user='admin', password='Huawei123', host='192.168.1.112', port=3306</arg>
</arguments>
<msg timestamp="20181118 11:18:39.535" level="INFO">Executing : Connect To Database Using Custom Params : pymysql.connect(db_api_2.connect(database='adminserver', user='admin', password='Huawei123', host='192.168.1.112', port=3306)) </msg>
<status status="PASS" starttime="20181118 11:18:39.525" endtime="20181118 11:18:39.555"></status>
</kw>
<kw name="Query" library="DatabaseLibrary">
<doc>Uses the input `selectStatement` to query for the values that will be returned as a list of tuples. Set optional</doc>
<arguments>
<arg>selectStatement=select id,content from lengxiaohua where status=0 limit 1;</arg>
</arguments>
<assign>
<var>@{queryResults}</var>
</assign>
<msg timestamp="20181118 11:18:39.555" level="INFO">Executing : Query  |  select id,content from lengxiaohua where status=0 limit 1; </msg>
<msg timestamp="20181118 11:18:39.565" level="INFO">@{queryResults} = [ (1708, '小王到海南出差，夜里无聊给老婆打电 话：“老婆，我出来快一周了，憋坏了， 我今晚能找个小姐不？”老婆：“可以啊。 ”小王在那边高兴的说：“谢谢老婆。还是 老婆最善解人意。”老婆：“不用谢，你今 晚怎么花出去的钱，我改天就给你怎么 挣回来！”') ]</msg>
<status status="PASS" starttime="20181118 11:18:39.555" endtime="20181118 11:18:39.565"></status>
</kw>
<kw name="Set Variable" library="BuiltIn">
<doc>Returns the given values which can then be assigned to a variables.</doc>
<arguments>
<arg>@{queryResults}[0]</arg>
</arguments>
<assign>
<var>@{results}</var>
</assign>
<msg timestamp="20181118 11:18:39.565" level="INFO">@{results} = [ 1708 | 小王到海南出差，夜里无聊给老婆打电 话：“老婆，我出来快一周了，憋坏了， 我今晚能找个小姐不？”老婆：“可以啊。 ”小王在那边高兴的说：“谢谢老婆。还是 老婆最善解人意。”老婆：“不用谢，你今 晚怎么花出去的钱，我改天就给你怎么 挣回来！” ]</msg>
<status status="PASS" starttime="20181118 11:18:39.565" endtime="20181118 11:18:39.565"></status>
</kw>
<kw name="Execute Sql String" library="DatabaseLibrary">
<doc>Executes the sqlString as SQL commands. Useful to pass arguments to your sql. Set optional input `sansTran` to</doc>
<arguments>
<arg>sqlString=update lengxiaohua set status=1 where id=@{results}[0];</arg>
</arguments>
<msg timestamp="20181118 11:18:39.565" level="INFO">Executing : Execute SQL String  |  update lengxiaohua set status=1 where id=1708; </msg>
<status status="PASS" starttime="20181118 11:18:39.565" endtime="20181118 11:18:39.865"></status>
</kw>
<kw name="Log Many" library="BuiltIn">
<doc>Logs the given messages as separate entries using the INFO level.</doc>
<arguments>
<arg>@{results}[0]</arg>
<arg>@{results}[1]</arg>
</arguments>
<msg timestamp="20181118 11:18:39.865" level="INFO">1708</msg>
<msg timestamp="20181118 11:18:39.865" level="INFO">小王到海南出差，夜里无聊给老婆打电 话：“老婆，我出来快一周了，憋坏了， 我今晚能找个小姐不？”老婆：“可以啊。 ”小王在那边高兴的说：“谢谢老婆。还是 老婆最善解人意。”老婆：“不用谢，你今 晚怎么花出去的钱，我改天就给你怎么 挣回来！”</msg>
<status status="PASS" starttime="20181118 11:18:39.865" endtime="20181118 11:18:39.875"></status>
</kw>
<msg timestamp="20181118 11:18:39.875" level="INFO">${aJoke} = 小王到海南出差，夜里无聊给老婆打电 话：“老婆，我出来快一周了，憋坏了， 我今晚能找个小姐不？”老婆：“可以啊。 ”小王在那边高兴的说：“谢谢老婆。还是 老婆最善解人意。”老婆：“不用谢，你今 晚怎么花出去的钱，我改天就给你怎么 挣回来！”</msg>
<status status="PASS" starttime="20181118 11:18:39.525" endtime="20181118 11:18:39.875"></status>
</kw>
<kw name="Input Text" library="AppiumLibrary">
<doc>Types the given `text` into text field identified by `locator`.</doc>
<arguments>
<arg>locator=com.bdvtt.www:id/add_content</arg>
<arg>text=${aJoke}</arg>
</arguments>
<msg timestamp="20181118 11:18:39.875" level="INFO">Typing text '小王到海南出差，夜里无聊给老婆打电 话：“老婆，我出来快一周了，憋坏了， 我今晚能找个小姐不？”老婆：“可以啊。 ”小王在那边高兴的说：“谢谢老婆。还是 老婆最善解人意。”老婆：“不用谢，你今 晚怎么花出去的钱，我改天就给你怎么 挣回来！”' into text field 'com.bdvtt.www:id/add_content'</msg>
<status status="PASS" starttime="20181118 11:18:39.875" endtime="20181118 11:18:52.072"></status>
</kw>
<kw name="Wait Until Element Is Visible" library="AppiumLibrary">
<doc>Waits until element specified with `locator` is visible.</doc>
<arguments>
<arg>locator=com.bdvtt.www:id/btok</arg>
</arguments>
<status status="PASS" starttime="20181118 11:18:52.072" endtime="20181118 11:18:55.878"></status>
</kw>
<kw name="Click Element" library="AppiumLibrary">
<doc>Click element identified by `locator`.</doc>
<arguments>
<arg>locator=com.bdvtt.www:id/btok</arg>
</arguments>
<msg timestamp="20181118 11:18:55.888" level="INFO">Clicking element 'com.bdvtt.www:id/btok'.</msg>
<status status="PASS" starttime="20181118 11:18:55.888" endtime="20181118 11:18:59.780"></status>
</kw>
<status status="PASS" starttime="20181118 11:18:39.525" endtime="20181118 11:18:59.780"></status>
</kw>
<kw name="${index} = 15" type="foritem">
<kw name="从数据库获取一个笑话并更新改笑话状态为已使用">
<assign>
<var>${aJoke}</var>
</assign>
<kw name="Log" library="BuiltIn">
<doc>Logs the given message with the given level.</doc>
<arguments>
<arg>aaa</arg>
</arguments>
<msg timestamp="20181118 11:18:59.790" level="INFO">aaa</msg>
<status status="PASS" starttime="20181118 11:18:59.790" endtime="20181118 11:18:59.790"></status>
</kw>
<kw name="Connect To Database Using Custom Params" library="DatabaseLibrary">
<doc>Loads the DB API 2.0 module given `dbapiModuleName` then uses it to</doc>
<arguments>
<arg>pymysql</arg>
<arg>database='adminserver', user='admin', password='Huawei123', host='192.168.1.112', port=3306</arg>
</arguments>
<msg timestamp="20181118 11:18:59.790" level="INFO">Executing : Connect To Database Using Custom Params : pymysql.connect(db_api_2.connect(database='adminserver', user='admin', password='Huawei123', host='192.168.1.112', port=3306)) </msg>
<status status="PASS" starttime="20181118 11:18:59.790" endtime="20181118 11:18:59.850"></status>
</kw>
<kw name="Query" library="DatabaseLibrary">
<doc>Uses the input `selectStatement` to query for the values that will be returned as a list of tuples. Set optional</doc>
<arguments>
<arg>selectStatement=select id,content from lengxiaohua where status=0 limit 1;</arg>
</arguments>
<assign>
<var>@{queryResults}</var>
</assign>
<msg timestamp="20181118 11:18:59.850" level="INFO">Executing : Query  |  select id,content from lengxiaohua where status=0 limit 1; </msg>
<msg timestamp="20181118 11:18:59.870" level="INFO">@{queryResults} = [ (1709, '某男和女朋友回家见家长。女生对男生介绍爸爸的时候说:这是偶爸。男生愣了一下然后特热情的喊了一句:欧巴~然后偷偷的对女朋友说:你哥怎么这么老……') ]</msg>
<status status="PASS" starttime="20181118 11:18:59.850" endtime="20181118 11:18:59.870"></status>
</kw>
<kw name="Set Variable" library="BuiltIn">
<doc>Returns the given values which can then be assigned to a variables.</doc>
<arguments>
<arg>@{queryResults}[0]</arg>
</arguments>
<assign>
<var>@{results}</var>
</assign>
<msg timestamp="20181118 11:18:59.870" level="INFO">@{results} = [ 1709 | 某男和女朋友回家见家长。女生对男生介绍爸爸的时候说:这是偶爸。男生愣了一下然后特热情的喊了一句:欧巴~然后偷偷的对女朋友说:你哥怎么这么老…… ]</msg>
<status status="PASS" starttime="20181118 11:18:59.870" endtime="20181118 11:18:59.870"></status>
</kw>
<kw name="Execute Sql String" library="DatabaseLibrary">
<doc>Executes the sqlString as SQL commands. Useful to pass arguments to your sql. Set optional input `sansTran` to</doc>
<arguments>
<arg>sqlString=update lengxiaohua set status=1 where id=@{results}[0];</arg>
</arguments>
<msg timestamp="20181118 11:18:59.870" level="INFO">Executing : Execute SQL String  |  update lengxiaohua set status=1 where id=1709; </msg>
<status status="PASS" starttime="20181118 11:18:59.870" endtime="20181118 11:18:59.890"></status>
</kw>
<kw name="Log Many" library="BuiltIn">
<doc>Logs the given messages as separate entries using the INFO level.</doc>
<arguments>
<arg>@{results}[0]</arg>
<arg>@{results}[1]</arg>
</arguments>
<msg timestamp="20181118 11:18:59.890" level="INFO">1709</msg>
<msg timestamp="20181118 11:18:59.890" level="INFO">某男和女朋友回家见家长。女生对男生介绍爸爸的时候说:这是偶爸。男生愣了一下然后特热情的喊了一句:欧巴~然后偷偷的对女朋友说:你哥怎么这么老……</msg>
<status status="PASS" starttime="20181118 11:18:59.890" endtime="20181118 11:18:59.890"></status>
</kw>
<msg timestamp="20181118 11:18:59.890" level="INFO">${aJoke} = 某男和女朋友回家见家长。女生对男生介绍爸爸的时候说:这是偶爸。男生愣了一下然后特热情的喊了一句:欧巴~然后偷偷的对女朋友说:你哥怎么这么老……</msg>
<status status="PASS" starttime="20181118 11:18:59.790" endtime="20181118 11:18:59.890"></status>
</kw>
<kw name="Input Text" library="AppiumLibrary">
<doc>Types the given `text` into text field identified by `locator`.</doc>
<arguments>
<arg>locator=com.bdvtt.www:id/add_content</arg>
<arg>text=${aJoke}</arg>
</arguments>
<msg timestamp="20181118 11:18:59.900" level="INFO">Typing text '某男和女朋友回家见家长。女生对男生介绍爸爸的时候说:这是偶爸。男生愣了一下然后特热情的喊了一句:欧巴~然后偷偷的对女朋友说:你哥怎么这么老……' into text field 'com.bdvtt.www:id/add_content'</msg>
<status status="PASS" starttime="20181118 11:18:59.890" endtime="20181118 11:19:11.012"></status>
</kw>
<kw name="Wait Until Element Is Visible" library="AppiumLibrary">
<doc>Waits until element specified with `locator` is visible.</doc>
<arguments>
<arg>locator=com.bdvtt.www:id/btok</arg>
</arguments>
<status status="PASS" starttime="20181118 11:19:11.022" endtime="20181118 11:19:15.333"></status>
</kw>
<kw name="Click Element" library="AppiumLibrary">
<doc>Click element identified by `locator`.</doc>
<arguments>
<arg>locator=com.bdvtt.www:id/btok</arg>
</arguments>
<msg timestamp="20181118 11:19:15.343" level="INFO">Clicking element 'com.bdvtt.www:id/btok'.</msg>
<status status="PASS" starttime="20181118 11:19:15.333" endtime="20181118 11:19:19.202"></status>
</kw>
<status status="PASS" starttime="20181118 11:18:59.780" endtime="20181118 11:19:19.202"></status>
</kw>
<kw name="${index} = 16" type="foritem">
<kw name="从数据库获取一个笑话并更新改笑话状态为已使用">
<assign>
<var>${aJoke}</var>
</assign>
<kw name="Log" library="BuiltIn">
<doc>Logs the given message with the given level.</doc>
<arguments>
<arg>aaa</arg>
</arguments>
<msg timestamp="20181118 11:19:19.202" level="INFO">aaa</msg>
<status status="PASS" starttime="20181118 11:19:19.202" endtime="20181118 11:19:19.202"></status>
</kw>
<kw name="Connect To Database Using Custom Params" library="DatabaseLibrary">
[...]
<msg timestamp="20181118 11:49:09.017" level="INFO">Executing : Connect To Database Using Custom Params : pymysql.connect(db_api_2.connect(database='adminserver', user='admin', password='Huawei123', host='192.168.1.112', port=3306)) </msg>
<status status="PASS" starttime="20181118 11:49:09.017" endtime="20181118 11:49:09.757"></status>
</kw>
<kw name="Query" library="DatabaseLibrary">
<doc>Uses the input `selectStatement` to query for the values that will be returned as a list of tuples. Set optional</doc>
<arguments>
<arg>selectStatement=select id,content from lengxiaohua where status=0 limit 1;</arg>
</arguments>
<assign>
<var>@{queryResults}</var>
</assign>
<msg timestamp="20181118 11:49:09.767" level="INFO">Executing : Query  |  select id,content from lengxiaohua where status=0 limit 1; </msg>
<msg timestamp="20181118 11:49:10.047" level="INFO">@{queryResults} = [ (1792, '和朋友聊诺基亚被收购的事： 妈的，那么好的手机怎么就混不下去了！朋友答：就因为太好了，用不坏。尼玛......') ]</msg>
<status status="PASS" starttime="20181118 11:49:09.757" endtime="20181118 11:49:10.047"></status>
</kw>
<kw name="Set Variable" library="BuiltIn">
<doc>Returns the given values which can then be assigned to a variables.</doc>
<arguments>
<arg>@{queryResults}[0]</arg>
</arguments>
<assign>
<var>@{results}</var>
</assign>
<msg timestamp="20181118 11:49:10.047" level="INFO">@{results} = [ 1792 | 和朋友聊诺基亚被收购的事： 妈的，那么好的手机怎么就混不下去了！朋友答：就因为太好了，用不坏。尼玛...... ]</msg>
<status status="PASS" starttime="20181118 11:49:10.047" endtime="20181118 11:49:10.047"></status>
</kw>
<kw name="Execute Sql String" library="DatabaseLibrary">
<doc>Executes the sqlString as SQL commands. Useful to pass arguments to your sql. Set optional input `sansTran` to</doc>
<arguments>
<arg>sqlString=update lengxiaohua set status=1 where id=@{results}[0];</arg>
</arguments>
<msg timestamp="20181118 11:49:10.057" level="INFO">Executing : Execute SQL String  |  update lengxiaohua set status=1 where id=1792; </msg>
<status status="PASS" starttime="20181118 11:49:10.057" endtime="20181118 11:49:10.609"></status>
</kw>
<kw name="Log Many" library="BuiltIn">
<doc>Logs the given messages as separate entries using the INFO level.</doc>
<arguments>
<arg>@{results}[0]</arg>
<arg>@{results}[1]</arg>
</arguments>
<msg timestamp="20181118 11:49:10.609" level="INFO">1792</msg>
<msg timestamp="20181118 11:49:10.609" level="INFO">和朋友聊诺基亚被收购的事： 妈的，那么好的手机怎么就混不下去了！朋友答：就因为太好了，用不坏。尼玛......</msg>
<status status="PASS" starttime="20181118 11:49:10.609" endtime="20181118 11:49:10.609"></status>
</kw>
<msg timestamp="20181118 11:49:10.609" level="INFO">${aJoke} = 和朋友聊诺基亚被收购的事： 妈的，那么好的手机怎么就混不下去了！朋友答：就因为太好了，用不坏。尼玛......</msg>
<status status="PASS" starttime="20181118 11:49:09.007" endtime="20181118 11:49:10.609"></status>
</kw>
<kw name="Input Text" library="AppiumLibrary">
<doc>Types the given `text` into text field identified by `locator`.</doc>
<arguments>
<arg>locator=com.bdvtt.www:id/add_content</arg>
<arg>text=${aJoke}</arg>
</arguments>
<msg timestamp="20181118 11:49:10.619" level="INFO">Typing text '和朋友聊诺基亚被收购的事： 妈的，那么好的手机怎么就混不下去了！朋友答：就因为太好了，用不坏。尼玛......' into text field 'com.bdvtt.www:id/add_content'</msg>
<status status="PASS" starttime="20181118 11:49:10.619" endtime="20181118 11:49:21.475"></status>
</kw>
<kw name="Wait Until Element Is Visible" library="AppiumLibrary">
<doc>Waits until element specified with `locator` is visible.</doc>
<arguments>
<arg>locator=com.bdvtt.www:id/btok</arg>
</arguments>
<status status="PASS" starttime="20181118 11:49:21.475" endtime="20181118 11:49:25.373"></status>
</kw>
<kw name="Click Element" library="AppiumLibrary">
<doc>Click element identified by `locator`.</doc>
<arguments>
<arg>locator=com.bdvtt.www:id/btok</arg>
</arguments>
<msg timestamp="20181118 11:49:25.373" level="INFO">Clicking element 'com.bdvtt.www:id/btok'.</msg>
<status status="PASS" starttime="20181118 11:49:25.373" endtime="20181118 11:49:29.647"></status>
</kw>
<status status="PASS" starttime="20181118 11:49:09.007" endtime="20181118 11:49:29.647"></status>
</kw>
<kw name="${index} = 99" type="foritem">
<kw name="从数据库获取一个笑话并更新改笑话状态为已使用">
<assign>
<var>${aJoke}</var>
</assign>
<kw name="Log" library="BuiltIn">
<doc>Logs the given message with the given level.</doc>
<arguments>
<arg>aaa</arg>
</arguments>
<msg timestamp="20181118 11:49:29.657" level="INFO">aaa</msg>
<status status="PASS" starttime="20181118 11:49:29.657" endtime="20181118 11:49:29.657"></status>
</kw>
<kw name="Connect To Database Using Custom Params" library="DatabaseLibrary">
<doc>Loads the DB API 2.0 module given `dbapiModuleName` then uses it to</doc>
<arguments>
<arg>pymysql</arg>
<arg>database='adminserver', user='admin', password='Huawei123', host='192.168.1.112', port=3306</arg>
</arguments>
<msg timestamp="20181118 11:49:29.667" level="INFO">Executing : Connect To Database Using Custom Params : pymysql.connect(db_api_2.connect(database='adminserver', user='admin', password='Huawei123', host='192.168.1.112', port=3306)) </msg>
<status status="PASS" starttime="20181118 11:49:29.657" endtime="20181118 11:49:29.927"></status>
</kw>
<kw name="Query" library="DatabaseLibrary">
<doc>Uses the input `selectStatement` to query for the values that will be returned as a list of tuples. Set optional</doc>
<arguments>
<arg>selectStatement=select id,content from lengxiaohua where status=0 limit 1;</arg>
</arguments>
<assign>
<var>@{queryResults}</var>
</assign>
<msg timestamp="20181118 11:49:29.927" level="INFO">Executing : Query  |  select id,content from lengxiaohua where status=0 limit 1; </msg>
<msg timestamp="20181118 11:49:30.047" level="INFO">@{queryResults} = [ (1793, '记得有一次化学课，一哥们玩手机被发现了，老师把手机拿去做实验，那哥们泪了，下课老师把手机还给他，他一看，化学老师在上面果断镀金了！') ]</msg>
<status status="PASS" starttime="20181118 11:49:29.927" endtime="20181118 11:49:30.047"></status>
</kw>
<kw name="Set Variable" library="BuiltIn">
<doc>Returns the given values which can then be assigned to a variables.</doc>
<arguments>
<arg>@{queryResults}[0]</arg>
</arguments>
<assign>
<var>@{results}</var>
</assign>
<msg timestamp="20181118 11:49:30.047" level="INFO">@{results} = [ 1793 | 记得有一次化学课，一哥们玩手机被发现了，老师把手机拿去做实验，那哥们泪了，下课老师把手机还给他，他一看，化学老师在上面果断镀金了！ ]</msg>
<status status="PASS" starttime="20181118 11:49:30.047" endtime="20181118 11:49:30.047"></status>
</kw>
<kw name="Execute Sql String" library="DatabaseLibrary">
<doc>Executes the sqlString as SQL commands. Useful to pass arguments to your sql. Set optional input `sansTran` to</doc>
<arguments>
<arg>sqlString=update lengxiaohua set status=1 where id=@{results}[0];</arg>
</arguments>
<msg timestamp="20181118 11:49:30.047" level="INFO">Executing : Execute SQL String  |  update lengxiaohua set status=1 where id=1793; </msg>
<status status="PASS" starttime="20181118 11:49:30.047" endtime="20181118 11:49:30.227"></status>
</kw>
<kw name="Log Many" library="BuiltIn">
<doc>Logs the given messages as separate entries using the INFO level.</doc>
<arguments>
<arg>@{results}[0]</arg>
<arg>@{results}[1]</arg>
</arguments>
<msg timestamp="20181118 11:49:30.227" level="INFO">1793</msg>
<msg timestamp="20181118 11:49:30.227" level="INFO">记得有一次化学课，一哥们玩手机被发现了，老师把手机拿去做实验，那哥们泪了，下课老师把手机还给他，他一看，化学老师在上面果断镀金了！</msg>
<status status="PASS" starttime="20181118 11:49:30.227" endtime="20181118 11:49:30.227"></status>
</kw>
<msg timestamp="20181118 11:49:30.227" level="INFO">${aJoke} = 记得有一次化学课，一哥们玩手机被发现了，老师把手机拿去做实验，那哥们泪了，下课老师把手机还给他，他一看，化学老师在上面果断镀金了！</msg>
<status status="PASS" starttime="20181118 11:49:29.657" endtime="20181118 11:49:30.237"></status>
</kw>
<kw name="Input Text" library="AppiumLibrary">
<doc>Types the given `text` into text field identified by `locator`.</doc>
<arguments>
<arg>locator=com.bdvtt.www:id/add_content</arg>
<arg>text=${aJoke}</arg>
</arguments>
<msg timestamp="20181118 11:49:30.237" level="INFO">Typing text '记得有一次化学课，一哥们玩手机被发现了，老师把手机拿去做实验，那哥们泪了，下课老师把手机还给他，他一看，化学老师在上面果断镀金了！' into text field 'com.bdvtt.www:id/add_content'</msg>
<status status="PASS" starttime="20181118 11:49:30.237" endtime="20181118 11:49:41.727"></status>
</kw>
<kw name="Wait Until Element Is Visible" library="AppiumLibrary">
<doc>Waits until element specified with `locator` is visible.</doc>
<arguments>
<arg>locator=com.bdvtt.www:id/btok</arg>
</arguments>
<status status="PASS" starttime="20181118 11:49:41.737" endtime="20181118 11:49:46.035"></status>
</kw>
<kw name="Click Element" library="AppiumLibrary">
<doc>Click element identified by `locator`.</doc>
<arguments>
<arg>locator=com.bdvtt.www:id/btok</arg>
</arguments>
<msg timestamp="20181118 11:49:46.035" level="INFO">Clicking element 'com.bdvtt.www:id/btok'.</msg>
<status status="PASS" starttime="20181118 11:49:46.035" endtime="20181118 11:49:51.685"></status>
</kw>
<status status="PASS" starttime="20181118 11:49:29.647" endtime="20181118 11:49:51.685"></status>
</kw>
<kw name="${index} = 100" type="foritem">
<kw name="从数据库获取一个笑话并更新改笑话状态为已使用">
<assign>
<var>${aJoke}</var>
</assign>
<kw name="Log" library="BuiltIn">
<doc>Logs the given message with the given level.</doc>
<arguments>
<arg>aaa</arg>
</arguments>
<msg timestamp="20181118 11:49:51.685" level="INFO">aaa</msg>
<status status="PASS" starttime="20181118 11:49:51.685" endtime="20181118 11:49:51.685"></status>
</kw>
<kw name="Connect To Database Using Custom Params" library="DatabaseLibrary">
<doc>Loads the DB API 2.0 module given `dbapiModuleName` then uses it to</doc>
<arguments>
<arg>pymysql</arg>
<arg>database='adminserver', user='admin', password='Huawei123', host='192.168.1.112', port=3306</arg>
</arguments>
<msg timestamp="20181118 11:49:51.695" level="INFO">Executing : Connect To Database Using Custom Params : pymysql.connect(db_api_2.connect(database='adminserver', user='admin', password='Huawei123', host='192.168.1.112', port=3306)) </msg>
<status status="PASS" starttime="20181118 11:49:51.685" endtime="20181118 11:49:51.865"></status>
</kw>
<kw name="Query" library="DatabaseLibrary">
<doc>Uses the input `selectStatement` to query for the values that will be returned as a list of tuples. Set optional</doc>
<arguments>
<arg>selectStatement=select id,content from lengxiaohua where status=0 limit 1;</arg>
</arguments>
<assign>
<var>@{queryResults}</var>
</assign>
<msg timestamp="20181118 11:49:51.865" level="INFO">Executing : Query  |  select id,content from lengxiaohua where status=0 limit 1; </msg>
<msg timestamp="20181118 11:49:51.955" level="INFO">@{queryResults} = [ (1794, '刚才喝着奶茶在街上瞎溜达被一女叫住对我说：我是从xx来的钱包被人在车上偷了你能给我点钱买吃的么！哥看那女的手里领着包长得挺漂亮胸还挺大然后就善心大发把奶茶递到她手里那女的接着来句“我不喝！哥当时就怒了“谁TM说让你喝啦，我是让你先拿着我给你掏钱！”') ]</msg>
<status status="PASS" starttime="20181118 11:49:51.865" endtime="20181118 11:49:51.955"></status>
</kw>
<kw name="Set Variable" library="BuiltIn">
<doc>Returns the given values which can then be assigned to a variables.</doc>
<arguments>
<arg>@{queryResults}[0]</arg>
</arguments>
<assign>
<var>@{results}</var>
</assign>
<msg timestamp="20181118 11:49:51.955" level="INFO">@{results} = [ 1794 | 刚才喝着奶茶在街上瞎溜达被一女叫住对我说：我是从xx来的钱包被人在车上偷了你能给我点钱买吃的么！哥看那女的手里领着包长得挺漂亮胸还挺大然后就善心大发把奶茶递到她手里那女的接着来句“我不喝！哥当时就怒了“谁TM说让你喝啦，我是让你先拿着我给你掏钱！” ]</msg>
<status status="PASS" starttime="20181118 11:49:51.955" endtime="20181118 11:49:51.955"></status>
</kw>
<kw name="Execute Sql String" library="DatabaseLibrary">
<doc>Executes the sqlString as SQL commands. Useful to pass arguments to your sql. Set optional input `sansTran` to</doc>
<arguments>
<arg>sqlString=update lengxiaohua set status=1 where id=@{results}[0];</arg>
</arguments>
<msg timestamp="20181118 11:49:51.955" level="INFO">Executing : Execute SQL String  |  update lengxiaohua set status=1 where id=1794; </msg>
<status status="PASS" starttime="20181118 11:49:51.955" endtime="20181118 11:49:52.355"></status>
</kw>
<kw name="Log Many" library="BuiltIn">
<doc>Logs the given messages as separate entries using the INFO level.</doc>
<arguments>
<arg>@{results}[0]</arg>
<arg>@{results}[1]</arg>
</arguments>
<msg timestamp="20181118 11:49:52.355" level="INFO">1794</msg>
<msg timestamp="20181118 11:49:52.355" level="INFO">刚才喝着奶茶在街上瞎溜达被一女叫住对我说：我是从xx来的钱包被人在车上偷了你能给我点钱买吃的么！哥看那女的手里领着包长得挺漂亮胸还挺大然后就善心大发把奶茶递到她手里那女的接着来句“我不喝！哥当时就怒了“谁TM说让你喝啦，我是让你先拿着我给你掏钱！”</msg>
<status status="PASS" starttime="20181118 11:49:52.355" endtime="20181118 11:49:52.355"></status>
</kw>
<msg timestamp="20181118 11:49:52.355" level="INFO">${aJoke} = 刚才喝着奶茶在街上瞎溜达被一女叫住对我说：我是从xx来的钱包被人在车上偷了你能给我点钱买吃的么！哥看那女的手里领着包长得挺漂亮胸还挺大然后就善心大发把奶茶递到她手里那女的接着来句“我不喝！哥当时就怒了“谁TM说让你喝啦，我是让你先拿着我给你掏钱！”</msg>
<status status="PASS" starttime="20181118 11:49:51.685" endtime="20181118 11:49:52.355"></status>
</kw>
<kw name="Input Text" library="AppiumLibrary">
<doc>Types the given `text` into text field identified by `locator`.</doc>
<arguments>
<arg>locator=com.bdvtt.www:id/add_content</arg>
<arg>text=${aJoke}</arg>
</arguments>
<msg timestamp="20181118 11:49:52.365" level="INFO">Typing text '刚才喝着奶茶在街上瞎溜达被一女叫住对我说：我是从xx来的钱包被人在车上偷了你能给我点钱买吃的么！哥看那女的手里领着包长得挺漂亮胸还挺大然后就善心大发把奶茶递到她手里那女的接着来句“我不喝！哥当时就怒了“谁TM说让你喝啦，我是让你先拿着我给你掏钱！”' into text field 'com.bdvtt.www:id/add_content'</msg>
<status status="PASS" starttime="20181118 11:49:52.355" endtime="20181118 11:50:05.886"></status>
</kw>
<kw name="Wait Until Element Is Visible" library="AppiumLibrary">
<doc>Waits until element specified with `locator` is visible.</doc>
<arguments>
<arg>locator=com.bdvtt.www:id/btok</arg>
</arguments>
<status status="PASS" starttime="20181118 11:50:05.886" endtime="20181118 11:50:10.949"></status>
</kw>
<kw name="Click Element" library="AppiumLibrary">
<doc>Click element identified by `locator`.</doc>
<arguments>
<arg>locator=com.bdvtt.www:id/btok</arg>
</arguments>
<msg timestamp="20181118 11:50:10.949" level="INFO">Clicking element 'com.bdvtt.www:id/btok'.</msg>
<status status="PASS" starttime="20181118 11:50:10.949" endtime="20181118 11:50:15.220"></status>
</kw>
<status status="PASS" starttime="20181118 11:49:51.685" endtime="20181118 11:50:15.220"></status>
</kw>
<kw name="${index} = 101" type="foritem">
<kw name="从数据库获取一个笑话并更新改笑话状态为已使用">
<assign>
<var>${aJoke}</var>
</assign>
<kw name="Log" library="BuiltIn">
<doc>Logs the given message with the given level.</doc>
<arguments>
<arg>aaa</arg>
</arguments>
<msg timestamp="20181118 11:50:15.230" level="INFO">aaa</msg>
<status status="PASS" starttime="20181118 11:50:15.230" endtime="20181118 11:50:15.230"></status>
</kw>
<kw name="Connect To Database Using Custom Params" library="DatabaseLibrary">
<doc>Loads the DB API 2.0 module given `dbapiModuleName` then uses it to</doc>
<arguments>
<arg>pymysql</arg>
<arg>database='adminserver', user='admin', password='Huawei123', host='192.168.1.112', port=3306</arg>
</arguments>
<msg timestamp="20181118 11:50:15.230" level="INFO">Executing : Connect To Database Using Custom Params : pymysql.connect(db_api_2.connect(database='adminserver', user='admin', password='Huawei123', host='192.168.1.112', port=3306)) </msg>
<status status="PASS" starttime="20181118 11:50:15.230" endtime="20181118 11:50:15.290"></status>
</kw>
<kw name="Query" library="DatabaseLibrary">
<doc>Uses the input `selectStatement` to query for the values that will be returned as a list of tuples. Set optional</doc>
<arguments>
<arg>selectStatement=select id,content from lengxiaohua where status=0 limit 1;</arg>
</arguments>
<assign>
<var>@{queryResults}</var>
</assign>
<msg timestamp="20181118 11:50:15.290" level="INFO">Executing : Query  |  select id,content from lengxiaohua where status=0 limit 1; </msg>
<msg timestamp="20181118 11:50:15.320" level="INFO">@{queryResults} = [ (1795, '今天带儿子逛街，路过一个家具店时，儿子指着店里一个大衣柜说：“爸爸，我们能买那个大衣柜吗？咱家的大衣柜太小了。” 我说：“咱家大衣柜不小啊。”儿子说：“可是好几次我放学回家看见王叔叔站在里面显得很挤。”#爸爸赶紧给了儿子两百块：不要告诉你妈，好不？#妈妈，别扇了…') ]</msg>
<status status="PASS" starttime="20181118 11:50:15.290" endtime="20181118 11:50:15.320"></status>
</kw>
<kw name="Set Variable" library="BuiltIn">
<doc>Returns the given values which can then be assigned to a variables.</doc>
<arguments>
<arg>@{queryResults}[0]</arg>
</arguments>
<assign>
<var>@{results}</var>
</assign>
<msg timestamp="20181118 11:50:15.330" level="INFO">@{results} = [ 1795 | 今天带儿子逛街，路过一个家具店时，儿子指着店里一个大衣柜说：“爸爸，我们能买那个大衣柜吗？咱家的大衣柜太小了。” 我说：“咱家大衣柜不小啊。”儿子说：“可是好几次我放学回家看见王叔叔站在里面显得很挤。”#爸爸赶紧给了儿子两百块：不要告诉你妈，好不？#妈妈，别扇了… ]</msg>
<status status="PASS" starttime="20181118 11:50:15.320" endtime="20181118 11:50:15.330"></status>
</kw>
<kw name="Execute Sql String" library="DatabaseLibrary">
<doc>Executes the sqlString as SQL commands. Useful to pass arguments to your sql. Set optional input `sansTran` to</doc>
<arguments>
<arg>sqlString=update lengxiaohua set status=1 where id=@{results}[0];</arg>
</arguments>
<msg timestamp="20181118 11:50:15.330" level="INFO">Executing : Execute SQL String  |  update lengxiaohua set status=1 where id=1795; </msg>
<status status="PASS" starttime="20181118 11:50:15.330" endtime="20181118 11:50:15.630"></status>
</kw>
<kw name="Log Many" library="BuiltIn">
<doc>Logs the given messages as separate entries using the INFO level.</doc>
<arguments>
<arg>@{results}[0]</arg>
<arg>@{results}[1]</arg>
</arguments>
<msg timestamp="20181118 11:50:15.640" level="INFO">1795</msg>
<msg timestamp="20181118 11:50:15.640" level="INFO">今天带儿子逛街，路过一个家具店时，儿子指着店里一个大衣柜说：“爸爸，我们能买那个大衣柜吗？咱家的大衣柜太小了。” 我说：“咱家大衣柜不小啊。”儿子说：“可是好几次我放学回家看见王叔叔站在里面显得很挤。”#爸爸赶紧给了儿子两百块：不要告诉你妈，好不？#妈妈，别扇了…</msg>
<status status="PASS" starttime="20181118 11:50:15.640" endtime="20181118 11:50:15.640"></status>
</kw>
<msg timestamp="20181118 11:50:15.640" level="INFO">${aJoke} = 今天带儿子逛街，路过一个家具店时，儿子指着店里一个大衣柜说：“爸爸，我们能买那个大衣柜吗？咱家的大衣柜太小了。” 我说：“咱家大衣柜不小啊。”儿子说：“可是好几次我放学回家看见王叔叔站在里面显得很挤。”#爸爸赶紧给了儿子两百块：不要告诉你妈，好不？#妈妈，别扇了…</msg>
<status status="PASS" starttime="20181118 11:50:15.220" endtime="20181118 11:50:15.640"></status>
</kw>
<kw name="Input Text" library="AppiumLibrary">
<doc>Types the given `text` into text field identified by `locator`.</doc>
<arguments>
<arg>locator=com.bdvtt.www:id/add_content</arg>
<arg>text=${aJoke}</arg>
</arguments>
<msg timestamp="20181118 11:50:15.640" level="INFO">Typing text '今天带儿子逛街，路过一个家具店时，儿子指着店里一个大衣柜说：“爸爸，我们能买那个大衣柜吗？咱家的大衣柜太小了。” 我说：“咱家大衣柜不小啊。”儿子说：“可是好几次我放学回家看见王叔叔站在里面显得很挤。”#爸爸赶紧给了儿子两百块：不要告诉你妈，好不？#妈妈，别扇了…' into text field 'com.bdvtt.www:id/add_content'</msg>
<status status="PASS" starttime="20181118 11:50:15.640" endtime="20181118 11:50:29.613"></status>
</kw>
<kw name="Wait Until Element Is Visible" library="AppiumLibrary">
<doc>Waits until element specified with `locator` is visible.</doc>
<arguments>
<arg>locator=com.bdvtt.www:id/btok</arg>
</arguments>
<status status="PASS" starttime="20181118 11:50:29.613" endtime="20181118 11:50:33.489"></status>
</kw>
<kw name="Click Element" library="AppiumLibrary">
<doc>Click element identified by `locator`.</doc>
<arguments>
<arg>locator=com.bdvtt.www:id/btok</arg>
</arguments>
<msg timestamp="20181118 11:50:33.489" level="INFO">Clicking element 'com.bdvtt.www:id/btok'.</msg>
<status status="PASS" starttime="20181118 11:50:33.489" endtime="20181118 11:50:42.216"></status>
</kw>
<status status="PASS" starttime="20181118 11:50:15.220" endtime="20181118 11:50:42.216"></status>
</kw>
<status status="PASS" starttime="20181118 11:14:09.200" endtime="20181118 11:50:42.216"></status>
</kw>
<status status="PASS" starttime="20181118 11:12:44.956" endtime="20181118 11:50:42.216" critical="yes"></status>
</test>
<status status="PASS" starttime="20181118 11:12:43.964" endtime="20181118 11:50:42.226"></status>
</suite>
<status status="PASS" starttime="20181118 11:12:43.954" endtime="20181118 11:50:42.226"></status>
</suite>
<status status="PASS" starttime="20181118 11:12:43.854" endtime="20181118 11:50:42.236"></status>
</suite>
<statistics>
<total>
<stat pass="1" fail="0">Critical Tests</stat>
<stat pass="1" fail="0">All Tests</stat>
</total>
<tag>
</tag>
<suite>
<stat pass="1" fail="0" id="s1" name="Projects">Projects</stat>
<stat pass="1" fail="0" id="s1-s1" name="9.0.0.0">Projects.9.0.0.0</stat>
<stat pass="1" fail="0" id="s1-s1-s1" name="remoteLibTest">Projects.9.0.0.0.remoteLibTest</stat>
</suite>
</statistics>
<errors>
</errors>
</robot>
